2019-05-10 10:46:15,368 [8] INFO  Graduation.Controllers.LoginController [(null)] -  || Get into 登陆页面
2019-05-10 10:46:15,908 [10] INFO  Graduation.Controllers.LoginController [(null)] -  || Get into 登陆页面
2019-05-10 10:46:19,015 [10] INFO  Graduation.Controllers.LoginController [(null)] -  || Get into 登陆验证
2019-05-10 10:46:22,046 [12] INFO  Graduation.Controllers.LoginController [(null)] - <log4net.Error>Exception during StringFormat: Input string was not in a correct format. <format>登陆验证成功{
  "userId": 197,
  "trueName": "右减除",
  "phone": "13193119597",
  "password": "211",
  "name": "zjc",
  "sex": "男"
}</format><args>{}</args></log4net.Error>
2019-05-10 10:46:22,246 [12] INFO  Graduation.Controllers.IndexController [(null)] - zjc || Get into 首页
2019-05-10 10:46:22,432 [8] INFO  Graduation.Controllers.IndexController [(null)] - <log4net.Error>Exception during StringFormat: Input string was not in a correct format. <format>获取商品列表成功[
  {
    "goodId": 1,
    "name": "无敌大裙子",
    "price": 2333.00,
    "stock": 211,
    "sold": 33,
    "details": "我依旧是 西蜀霸王！！",
    "type": "男女服装",
    "facount": 1,
    "createtime": "2019-05-01 21:13:53"
  },
  {
    "goodId": 2,
    "name": "无敌大菠萝",
    "price": 60000.00,
    "stock": 3123,
    "sold": 444,
    "type": "零食水果",
    "facount": 5,
    "createtime": "2019-04-25 21:15:15"
  },
  {
    "goodId": 6,
    "name": "哼哼哈兮",
    "price": 9797.00,
    "stock": 23,
    "sold": 3,
    "type": "男女服装",
    "facount": 69,
    "createtime": "2019-05-05 14:19:52"
  },
  {
    "goodId": 7,
    "name": "嘻嘻",
    "price": 123.00,
    "stock": 22,
    "sold": 0,
    "details": "是的手动挡",
    "type": "生活用品",
    "facount": 1,
    "createtime": "2019-05-08 18:34:23"
  },
  {
    "goodId": 8,
    "name": "我去",
    "price": 233.00,
    "stock": 233,
    "sold": 0,
    "details": "是的手动挡",
    "type": "其他商品",
    "facount": 0,
    "createtime": "2019-05-08 19:05:13"
  }
]</format><args>{}</args></log4net.Error>
2019-05-10 10:46:22,476 [8] INFO  Graduation.Controllers.IndexController [(null)] - 获取类型列表成功[
  "男女服装",
  "鞋包配饰",
  "数码产品",
  "家居环境",
  "生活用品",
  "零食水果",
  "美容美妆",
  "其他商品"
]
2019-05-10 10:48:02,655 [10] INFO  Graduation.Controllers.LoginController [(null)] -  || Get into 登陆页面
2019-05-10 10:48:03,026 [13] INFO  Graduation.Controllers.LoginController [(null)] -  || Get into 登陆页面
2019-05-10 10:48:10,973 [13] INFO  Graduation.Controllers.LoginController [(null)] -  || Get into 注册页面
2019-05-10 10:48:13,788 [8] INFO  Graduation.Controllers.LoginController [(null)] -  || Get into 登陆页面
2019-05-10 10:48:15,416 [13] INFO  Graduation.Controllers.IndexController [(null)] -  || Get into 管理员登陆页面
2019-05-10 10:48:20,227 [9] INFO  Graduation.Controllers.LoginController [(null)] -  || Get into 登陆页面
2019-05-10 10:49:15,318 [10] INFO  Graduation.Controllers.LoginController [(null)] -  || Get into 登陆验证
2019-05-10 10:49:17,417 [15] INFO  Graduation.Controllers.LoginController [(null)] - <log4net.Error>Exception during StringFormat: Input string was not in a correct format. <format>登陆验证成功{
  "userId": 197,
  "trueName": "右减除",
  "phone": "13193119597",
  "password": "211",
  "name": "zjc",
  "sex": "男"
}</format><args>{}</args></log4net.Error>
2019-05-10 10:49:17,489 [15] INFO  Graduation.Controllers.IndexController [(null)] - zjc || Get into 首页
2019-05-10 10:49:17,604 [10] INFO  Graduation.Controllers.IndexController [(null)] - <log4net.Error>Exception during StringFormat: Input string was not in a correct format. <format>获取商品列表成功[
  {
    "goodId": 1,
    "name": "无敌大裙子",
    "price": 2333.00,
    "stock": 211,
    "sold": 33,
    "details": "我依旧是 西蜀霸王！！",
    "type": "男女服装",
    "facount": 1,
    "createtime": "2019-05-01 21:13:53"
  },
  {
    "goodId": 2,
    "name": "无敌大菠萝",
    "price": 60000.00,
    "stock": 3123,
    "sold": 444,
    "type": "零食水果",
    "facount": 5,
    "createtime": "2019-04-25 21:15:15"
  },
  {
    "goodId": 6,
    "name": "哼哼哈兮",
    "price": 9797.00,
    "stock": 23,
    "sold": 3,
    "type": "男女服装",
    "facount": 69,
    "createtime": "2019-05-05 14:19:52"
  },
  {
    "goodId": 7,
    "name": "嘻嘻",
    "price": 123.00,
    "stock": 22,
    "sold": 0,
    "details": "是的手动挡",
    "type": "生活用品",
    "facount": 1,
    "createtime": "2019-05-08 18:34:23"
  },
  {
    "goodId": 8,
    "name": "我去",
    "price": 233.00,
    "stock": 233,
    "sold": 0,
    "details": "是的手动挡",
    "type": "其他商品",
    "facount": 0,
    "createtime": "2019-05-08 19:05:13"
  }
]</format><args>{}</args></log4net.Error>
2019-05-10 10:49:17,628 [10] INFO  Graduation.Controllers.IndexController [(null)] - 获取类型列表成功[
  "男女服装",
  "鞋包配饰",
  "数码产品",
  "家居环境",
  "生活用品",
  "零食水果",
  "美容美妆",
  "其他商品"
]
2019-05-10 10:50:05,770 [19] INFO  Graduation.Controllers.IndexController [(null)] - zjc || Get into 商品列表
2019-05-10 10:50:05,783 [20] INFO  Graduation.Controllers.IndexController [(null)] - <log4net.Error>Exception during StringFormat: Input string was not in a correct format. <format>获取分类商品列表成功[
  {
    "goodId": 1,
    "name": "无敌大裙子",
    "price": 2333.00,
    "stock": 211,
    "sold": 33,
    "details": "我依旧是 西蜀霸王！！",
    "type": "男女服装",
    "facount": 1,
    "createtime": "2019-05-01 21:13:53"
  },
  {
    "goodId": 6,
    "name": "哼哼哈兮",
    "price": 9797.00,
    "stock": 23,
    "sold": 3,
    "type": "男女服装",
    "facount": 69,
    "createtime": "2019-05-05 14:19:52"
  }
]</format><args>{}</args></log4net.Error>
2019-05-10 10:50:05,799 [20] INFO  Graduation.Controllers.IndexController [(null)] - 获取类型列表成功[
  "男女服装",
  "鞋包配饰",
  "数码产品",
  "家居环境",
  "生活用品",
  "零食水果",
  "美容美妆",
  "其他商品"
]
2019-05-10 10:50:18,981 [18] INFO  Graduation.Controllers.IndexController [(null)] - zjc || Get into 商品详情
2019-05-10 10:50:19,009 [21] INFO  Graduation.Controllers.IndexController [(null)] - <log4net.Error>Exception during StringFormat: Input string was not in a correct format. <format>获取商品详情成功{
  "goodId": 1,
  "name": "无敌大裙子",
  "price": 2333.00,
  "stock": 211,
  "sold": 33,
  "details": "我依旧是 西蜀霸王！！",
  "type": "男女服装",
  "facount": 1,
  "createtime": "2019-05-01 21:13:53"
}</format><args>{}</args></log4net.Error>
2019-05-10 10:51:23,109 [21] INFO  Graduation.Controllers.LoginController [(null)] - zjc || Get into 添加购物车商品
2019-05-10 10:51:23,441 [3] INFO  Graduation.Controllers.LoginController [(null)] - <log4net.Error>Exception during StringFormat: Input string was not in a correct format. <format>获取商品详情成功{
  "goodId": 1,
  "name": "无敌大裙子",
  "price": 2333.00,
  "stock": 211,
  "sold": 33,
  "details": "我依旧是 西蜀霸王！！",
  "type": "男女服装",
  "facount": 1,
  "createtime": "2019-05-01 21:13:53"
}</format><args>{}</args></log4net.Error>
2019-05-10 10:51:23,452 [3] INFO  Graduation.Controllers.LoginController [(null)] - <log4net.Error>Exception during StringFormat: Input string was not in a correct format. <format>添加购物车商品成功{
  "orderId": "8cf20286-81d1-468d-9130-c1b36a2ba593",
  "goodId": 1,
  "userId": 197,
  "goodNumber": 3,
  "orderState": 1,
  "name": "无敌大裙子",
  "price": 2333.00
}</format><args>{}</args></log4net.Error>
2019-05-10 10:51:26,280 [24] INFO  Graduation.Controllers.LoginController [(null)] - zjc || Get into 我的购物车
2019-05-10 10:51:26,300 [25] INFO  Graduation.Controllers.LoginController [(null)] - <log4net.Error>Exception during StringFormat: Input string was not in a correct format. <format>获取我的购物车列表成功[
  {
    "orderId": "8cf20286-81d1-468d-9130-c1b36a2ba593",
    "goodId": 1,
    "userId": 197,
    "goodNumber": 3,
    "orderState": 1,
    "name": "无敌大裙子",
    "price": 2333.00
  },
  {
    "orderId": "b6f67eec-62de-4fcf-9ebc-9e7423339e01",
    "goodId": 7,
    "userId": 197,
    "goodNumber": 1,
    "orderState": 1,
    "name": "嘻嘻",
    "price": 123.00
  }
]</format><args>{}</args></log4net.Error>
2019-05-10 10:51:38,194 [24] INFO  Graduation.Controllers.LoginController [(null)] - zjc || Get into 获取收货地址
2019-05-10 10:51:38,223 [23] INFO  Graduation.Controllers.LoginController [(null)] - <log4net.Error>Exception during StringFormat: Input string was not in a correct format. <format>获取收货地址成功{
  "adds": [
    {
      "keyId": 1,
      "name": "左佳成",
      "local": "重庆",
      "addres": "重庆市渝北区",
      "zipCode": 400133,
      "phone": "13193119597",
      "userId": 197
    },
    {
      "keyId": 2,
      "name": "右减除",
      "local": "南京",
      "addres": "南京市大兴区",
      "zipCode": 54445,
      "phone": "45151515",
      "userId": 197
    }
  ],
  "orderidlist": [
    "8cf20286-81d1-468d-9130-c1b36a2ba593",
    "b6f67eec-62de-4fcf-9ebc-9e7423339e01"
  ]
}</format><args>{}</args></log4net.Error>
2019-05-10 10:51:44,090 [24] INFO  Graduation.Controllers.LoginController [(null)] - zjc || Get into 获取收货地址
2019-05-10 10:51:44,098 [21] INFO  Graduation.Controllers.LoginController [(null)] - <log4net.Error>Exception during StringFormat: Input string was not in a correct format. <format>获取收货地址成功[
  {
    "keyId": 1,
    "name": "左佳成",
    "local": "重庆",
    "addres": "重庆市渝北区",
    "zipCode": 400133,
    "phone": "13193119597",
    "userId": 197
  },
  {
    "keyId": 2,
    "name": "右减除",
    "local": "南京",
    "addres": "南京市大兴区",
    "zipCode": 54445,
    "phone": "45151515",
    "userId": 197
  }
]</format><args>{}</args></log4net.Error>
2019-05-10 10:51:49,396 [24] INFO  Graduation.Controllers.LoginController [(null)] - zjc || Get into 我的购物车
2019-05-10 10:51:49,401 [26] INFO  Graduation.Controllers.LoginController [(null)] - <log4net.Error>Exception during StringFormat: Input string was not in a correct format. <format>获取我的购物车列表成功[
  {
    "orderId": "8cf20286-81d1-468d-9130-c1b36a2ba593",
    "goodId": 1,
    "userId": 197,
    "goodNumber": 3,
    "orderState": 1,
    "name": "无敌大裙子",
    "price": 2333.00
  },
  {
    "orderId": "b6f67eec-62de-4fcf-9ebc-9e7423339e01",
    "goodId": 7,
    "userId": 197,
    "goodNumber": 1,
    "orderState": 1,
    "name": "嘻嘻",
    "price": 123.00
  }
]</format><args>{}</args></log4net.Error>
2019-05-10 10:51:52,147 [21] INFO  Graduation.Controllers.LoginController [(null)] - zjc || Get into 获取收货地址
2019-05-10 10:51:52,150 [26] INFO  Graduation.Controllers.LoginController [(null)] - <log4net.Error>Exception during StringFormat: Input string was not in a correct format. <format>获取收货地址成功{
  "adds": [
    {
      "keyId": 1,
      "name": "左佳成",
      "local": "重庆",
      "addres": "重庆市渝北区",
      "zipCode": 400133,
      "phone": "13193119597",
      "userId": 197
    },
    {
      "keyId": 2,
      "name": "右减除",
      "local": "南京",
      "addres": "南京市大兴区",
      "zipCode": 54445,
      "phone": "45151515",
      "userId": 197
    }
  ],
  "orderidlist": [
    "8cf20286-81d1-468d-9130-c1b36a2ba593",
    "b6f67eec-62de-4fcf-9ebc-9e7423339e01"
  ]
}</format><args>{}</args></log4net.Error>
2019-05-10 10:51:54,127 [24] INFO  Graduation.Controllers.LoginController [(null)] - zjc || Get into 转到支付页面
2019-05-10 10:51:54,145 [27] INFO  Graduation.Controllers.LoginController [(null)] - 转到支付页面成功
2019-05-10 10:52:02,726 [24] INFO  Graduation.Controllers.LoginController [(null)] - zjc || Get into 支付完成
2019-05-10 10:52:02,797 [3] INFO  Graduation.Controllers.LoginController [(null)] - 支付成功
2019-05-10 10:52:02,802 [24] INFO  Graduation.Controllers.LoginController [(null)] - zjc || Get into 我的购物车
2019-05-10 10:52:02,803 [3] INFO  Graduation.Controllers.LoginController [(null)] - 获取我的购物车列表成功[]
2019-05-10 10:52:05,808 [25] INFO  Graduation.Controllers.LoginController [(null)] - zjc || Get into 我的已购商品
2019-05-10 10:52:05,822 [24] INFO  Graduation.Controllers.LoginController [(null)] - <log4net.Error>Exception during StringFormat: Input string was not in a correct format. <format>获取已购商品成功[
  {
    "orderId": "104b06da-89a1-4bda-a5f6-ec10197c5285",
    "goodId": 1,
    "userId": 197,
    "goodNumber": 1,
    "orderState": 2,
    "name": "无敌大裙子",
    "price": 2333.00
  },
  {
    "orderId": "7fe74f16-44cb-4a30-924d-ca328e028e65",
    "goodId": 5,
    "userId": 197,
    "goodNumber": 13,
    "orderState": 4,
    "name": "西西卡",
    "evaluate": "差评",
    "price": 34444.00
  },
  {
    "orderId": "8cf20286-81d1-468d-9130-c1b36a2ba593",
    "goodId": 1,
    "userId": 197,
    "goodNumber": 3,
    "orderState": 2,
    "name": "无敌大裙子",
    "price": 2333.00
  },
  {
    "orderId": "a771eafe-e555-4435-b933-b2cef3392bd1",
    "goodId": 4,
    "userId": 197,
    "goodNumber": 5,
    "orderState": 4,
    "name": "无敌大空调",
    "price": 66767.00
  },
  {
    "orderId": "b6f67eec-62de-4fcf-9ebc-9e7423339e01",
    "goodId": 7,
    "userId": 197,
    "goodNumber": 1,
    "orderState": 2,
    "name": "嘻嘻",
    "price": 123.00
  },
  {
    "orderId": "bd469949-0c54-4a85-99d5-1a73df80075b",
    "goodId": 7,
    "userId": 197,
    "goodNumber": 1,
    "orderState": 2,
    "name": "嘻嘻",
    "price": 123.00
  },
  {
    "orderId": "d8be23e6-0e8c-41fb-a6ca-43da284880a1",
    "goodId": 7,
    "userId": 197,
    "goodNumber": 1,
    "orderState": 2,
    "name": "嘻嘻",
    "price": 123.00
  },
  {
    "orderId": "d9095d32-a537-4a27-8616-8ccecd4618a2",
    "goodId": 6,
    "userId": 197,
    "goodNumber": 1,
    "orderState": 2,
    "name": "哼哼哈兮",
    "price": 9797.00
  },
  {
    "orderId": "f61806bb-1688-431b-9697-2b3870ce2c13",
    "goodId": 4,
    "userId": 197,
    "goodNumber": 2,
    "orderState": 3,
    "name": "无敌大空调",
    "price": 66767.00
  }
]</format><args>{}</args></log4net.Error>
2019-05-10 10:52:13,117 [24] INFO  Graduation.Controllers.LoginController [(null)] - zjc || Get into 订单评价
2019-05-10 10:52:13,138 [3] INFO  Graduation.Controllers.LoginController [(null)] - <log4net.Error>Exception during StringFormat: Input string was not in a correct format. <format>获取订单评价成功[
  {
    "orderId": "7fe74f16-44cb-4a30-924d-ca328e028e65",
    "goodId": 5,
    "userId": 197,
    "goodNumber": 13,
    "orderState": 4,
    "name": "西西卡",
    "evaluate": "差评",
    "price": 34444.00
  }
]</format><args>{}</args></log4net.Error>
2019-05-10 10:52:16,207 [23] INFO  Graduation.Controllers.LoginController [(null)] - zjc || Get into 我的收藏
2019-05-10 10:52:16,253 [3] INFO  Graduation.Controllers.LoginController [(null)] - <log4net.Error>Exception during StringFormat: Input string was not in a correct format. <format>获取我的收藏成功[
  {
    "goodId": 1,
    "name": "无敌大裙子",
    "price": 2333.00,
    "stock": 211,
    "sold": 33,
    "details": "我依旧是 西蜀霸王！！",
    "type": "男女服装",
    "facount": 1,
    "createtime": "2019-05-01 21:13:53"
  },
  {
    "goodId": 2,
    "name": "无敌大菠萝",
    "price": 60000.00,
    "stock": 3123,
    "sold": 444,
    "type": "零食水果",
    "facount": 5,
    "createtime": "2019-04-25 21:15:15"
  },
  {
    "goodId": 6,
    "name": "哼哼哈兮",
    "price": 9797.00,
    "stock": 23,
    "sold": 3,
    "type": "男女服装",
    "facount": 69,
    "createtime": "2019-05-05 14:19:52"
  },
  {
    "goodId": 7,
    "name": "嘻嘻",
    "price": 123.00,
    "stock": 22,
    "sold": 0,
    "details": "是的手动挡",
    "type": "生活用品",
    "facount": 1,
    "createtime": "2019-05-08 18:34:23"
  }
]</format><args>{}</args></log4net.Error>
2019-05-10 10:52:19,075 [24] INFO  Graduation.Controllers.LoginController [(null)] - zjc || Get into 获取收货地址
2019-05-10 10:52:19,077 [28] INFO  Graduation.Controllers.LoginController [(null)] - <log4net.Error>Exception during StringFormat: Input string was not in a correct format. <format>获取收货地址成功[
  {
    "keyId": 1,
    "name": "左佳成",
    "local": "重庆",
    "addres": "重庆市渝北区",
    "zipCode": 400133,
    "phone": "13193119597",
    "userId": 197
  },
  {
    "keyId": 2,
    "name": "右减除",
    "local": "南京",
    "addres": "南京市大兴区",
    "zipCode": 54445,
    "phone": "45151515",
    "userId": 197
  }
]</format><args>{}</args></log4net.Error>
2019-05-10 10:52:23,924 [33] INFO  Graduation.Controllers.LoginController [(null)] - zjc || Get into 登录注销
2019-05-10 10:52:23,925 [33] INFO  Graduation.Controllers.LoginController [(null)] - 登录注销成功
2019-05-10 10:52:23,932 [32] INFO  Graduation.Controllers.LoginController [(null)] -  || Get into 登陆页面
2019-05-10 10:52:26,454 [33] INFO  Graduation.Controllers.IndexController [(null)] -  || Get into 管理员登陆页面
2019-05-10 10:52:27,698 [32] INFO  Graduation.Controllers.IndexController [(null)] -  || Get into 管理员登陆验证
2019-05-10 10:52:27,725 [25] INFO  Graduation.Controllers.IndexController [(null)] - <log4net.Error>Exception during StringFormat: Input string was not in a correct format. <format>管理员登陆验证成功{
  "id": 197,
  "password": "211",
  "name": "右减除"
}</format><args>{}</args></log4net.Error>
2019-05-10 10:52:27,744 [25] INFO  Graduation.Controllers.IndexController [(null)] -  || Get into 管理员首页
2019-05-10 10:52:30,362 [33] INFO  Graduation.Controllers.IndexController [(null)] - 右减除 || Get into 管理端订单管理
2019-05-10 10:52:30,375 [32] INFO  Graduation.Controllers.IndexController [(null)] - <log4net.Error>Exception during StringFormat: Input string was not in a correct format. <format>获取管理端订单管理列表成功[
  {
    "orderId": "104b06da-89a1-4bda-a5f6-ec10197c5285",
    "goodId": 1,
    "userId": 197,
    "goodNumber": 1,
    "orderState": 2,
    "name": "无敌大裙子",
    "price": 2333.00
  },
  {
    "orderId": "7fe74f16-44cb-4a30-924d-ca328e028e65",
    "goodId": 5,
    "userId": 197,
    "goodNumber": 13,
    "orderState": 4,
    "name": "西西卡",
    "evaluate": "差评",
    "price": 34444.00
  },
  {
    "orderId": "8cf20286-81d1-468d-9130-c1b36a2ba593",
    "goodId": 1,
    "userId": 197,
    "goodNumber": 3,
    "orderState": 2,
    "name": "无敌大裙子",
    "price": 2333.00
  },
  {
    "orderId": "a771eafe-e555-4435-b933-b2cef3392bd1",
    "goodId": 4,
    "userId": 197,
    "goodNumber": 5,
    "orderState": 4,
    "name": "无敌大空调",
    "price": 66767.00
  },
  {
    "orderId": "b6f67eec-62de-4fcf-9ebc-9e7423339e01",
    "goodId": 7,
    "userId": 197,
    "goodNumber": 1,
    "orderState": 2,
    "name": "嘻嘻",
    "price": 123.00
  },
  {
    "orderId": "bd469949-0c54-4a85-99d5-1a73df80075b",
    "goodId": 7,
    "userId": 197,
    "goodNumber": 1,
    "orderState": 2,
    "name": "嘻嘻",
    "price": 123.00
  },
  {
    "orderId": "d8be23e6-0e8c-41fb-a6ca-43da284880a1",
    "goodId": 7,
    "userId": 197,
    "goodNumber": 1,
    "orderState": 2,
    "name": "嘻嘻",
    "price": 123.00
  },
  {
    "orderId": "d9095d32-a537-4a27-8616-8ccecd4618a2",
    "goodId": 6,
    "userId": 197,
    "goodNumber": 1,
    "orderState": 2,
    "name": "哼哼哈兮",
    "price": 9797.00
  },
  {
    "orderId": "f61806bb-1688-431b-9697-2b3870ce2c13",
    "goodId": 4,
    "userId": 197,
    "goodNumber": 2,
    "orderState": 3,
    "name": "无敌大空调",
    "price": 66767.00
  }
]</format><args>{}</args></log4net.Error>
2019-05-10 10:52:43,853 [30] INFO  Graduation.Controllers.IndexController [(null)] - 右减除 || Get into 修改订单状态
2019-05-10 10:52:43,870 [34] INFO  Graduation.Controllers.IndexController [(null)] - 修改订单状态成功
2019-05-10 10:52:43,873 [29] INFO  Graduation.Controllers.IndexController [(null)] - 右减除 || Get into 管理端订单管理
2019-05-10 10:52:43,874 [34] INFO  Graduation.Controllers.IndexController [(null)] - <log4net.Error>Exception during StringFormat: Input string was not in a correct format. <format>获取管理端订单管理列表成功[
  {
    "orderId": "104b06da-89a1-4bda-a5f6-ec10197c5285",
    "goodId": 1,
    "userId": 197,
    "goodNumber": 1,
    "orderState": 3,
    "name": "无敌大裙子",
    "price": 2333.00
  },
  {
    "orderId": "7fe74f16-44cb-4a30-924d-ca328e028e65",
    "goodId": 5,
    "userId": 197,
    "goodNumber": 13,
    "orderState": 4,
    "name": "西西卡",
    "evaluate": "差评",
    "price": 34444.00
  },
  {
    "orderId": "8cf20286-81d1-468d-9130-c1b36a2ba593",
    "goodId": 1,
    "userId": 197,
    "goodNumber": 3,
    "orderState": 2,
    "name": "无敌大裙子",
    "price": 2333.00
  },
  {
    "orderId": "a771eafe-e555-4435-b933-b2cef3392bd1",
    "goodId": 4,
    "userId": 197,
    "goodNumber": 5,
    "orderState": 4,
    "name": "无敌大空调",
    "price": 66767.00
  },
  {
    "orderId": "b6f67eec-62de-4fcf-9ebc-9e7423339e01",
    "goodId": 7,
    "userId": 197,
    "goodNumber": 1,
    "orderState": 2,
    "name": "嘻嘻",
    "price": 123.00
  },
  {
    "orderId": "bd469949-0c54-4a85-99d5-1a73df80075b",
    "goodId": 7,
    "userId": 197,
    "goodNumber": 1,
    "orderState": 2,
    "name": "嘻嘻",
    "price": 123.00
  },
  {
    "orderId": "d8be23e6-0e8c-41fb-a6ca-43da284880a1",
    "goodId": 7,
    "userId": 197,
    "goodNumber": 1,
    "orderState": 2,
    "name": "嘻嘻",
    "price": 123.00
  },
  {
    "orderId": "d9095d32-a537-4a27-8616-8ccecd4618a2",
    "goodId": 6,
    "userId": 197,
    "goodNumber": 1,
    "orderState": 2,
    "name": "哼哼哈兮",
    "price": 9797.00
  },
  {
    "orderId": "f61806bb-1688-431b-9697-2b3870ce2c13",
    "goodId": 4,
    "userId": 197,
    "goodNumber": 2,
    "orderState": 3,
    "name": "无敌大空调",
    "price": 66767.00
  }
]</format><args>{}</args></log4net.Error>
2019-05-10 10:53:59,293 [35] INFO  Graduation.Controllers.IndexController [(null)] - 右减除 || Get into 首页
2019-05-10 10:53:59,299 [35] INFO  Graduation.Controllers.IndexController [(null)] - <log4net.Error>Exception during StringFormat: Input string was not in a correct format. <format>获取商品列表成功[
  {
    "goodId": 1,
    "name": "无敌大裙子",
    "price": 2333.00,
    "stock": 211,
    "sold": 33,
    "details": "我依旧是 西蜀霸王！！",
    "type": "男女服装",
    "facount": 1,
    "createtime": "2019-05-01 21:13:53"
  },
  {
    "goodId": 2,
    "name": "无敌大菠萝",
    "price": 60000.00,
    "stock": 3123,
    "sold": 444,
    "type": "零食水果",
    "facount": 5,
    "createtime": "2019-04-25 21:15:15"
  },
  {
    "goodId": 6,
    "name": "哼哼哈兮",
    "price": 9797.00,
    "stock": 23,
    "sold": 3,
    "type": "男女服装",
    "facount": 69,
    "createtime": "2019-05-05 14:19:52"
  },
  {
    "goodId": 7,
    "name": "嘻嘻",
    "price": 123.00,
    "stock": 22,
    "sold": 0,
    "details": "是的手动挡",
    "type": "生活用品",
    "facount": 1,
    "createtime": "2019-05-08 18:34:23"
  },
  {
    "goodId": 8,
    "name": "我去",
    "price": 233.00,
    "stock": 233,
    "sold": 0,
    "details": "是的手动挡",
    "type": "其他商品",
    "facount": 0,
    "createtime": "2019-05-08 19:05:13"
  }
]</format><args>{}</args></log4net.Error>
2019-05-10 10:54:01,998 [35] INFO  Graduation.Controllers.IndexController [(null)] - 右减除 || Get into 上传商品页面
2019-05-10 10:54:01,998 [35] INFO  Graduation.Controllers.IndexController [(null)] - 跳转上传商品页面成功
2019-05-10 10:54:07,358 [38] INFO  Graduation.Controllers.IndexController [(null)] - 右减除 || Get into 管理端订单管理
2019-05-10 10:54:07,360 [36] INFO  Graduation.Controllers.IndexController [(null)] - <log4net.Error>Exception during StringFormat: Input string was not in a correct format. <format>获取管理端订单管理列表成功[
  {
    "orderId": "104b06da-89a1-4bda-a5f6-ec10197c5285",
    "goodId": 1,
    "userId": 197,
    "goodNumber": 1,
    "orderState": 3,
    "name": "无敌大裙子",
    "price": 2333.00
  },
  {
    "orderId": "7fe74f16-44cb-4a30-924d-ca328e028e65",
    "goodId": 5,
    "userId": 197,
    "goodNumber": 13,
    "orderState": 4,
    "name": "西西卡",
    "evaluate": "差评",
    "price": 34444.00
  },
  {
    "orderId": "8cf20286-81d1-468d-9130-c1b36a2ba593",
    "goodId": 1,
    "userId": 197,
    "goodNumber": 3,
    "orderState": 2,
    "name": "无敌大裙子",
    "price": 2333.00
  },
  {
    "orderId": "a771eafe-e555-4435-b933-b2cef3392bd1",
    "goodId": 4,
    "userId": 197,
    "goodNumber": 5,
    "orderState": 4,
    "name": "无敌大空调",
    "price": 66767.00
  },
  {
    "orderId": "b6f67eec-62de-4fcf-9ebc-9e7423339e01",
    "goodId": 7,
    "userId": 197,
    "goodNumber": 1,
    "orderState": 2,
    "name": "嘻嘻",
    "price": 123.00
  },
  {
    "orderId": "bd469949-0c54-4a85-99d5-1a73df80075b",
    "goodId": 7,
    "userId": 197,
    "goodNumber": 1,
    "orderState": 2,
    "name": "嘻嘻",
    "price": 123.00
  },
  {
    "orderId": "d8be23e6-0e8c-41fb-a6ca-43da284880a1",
    "goodId": 7,
    "userId": 197,
    "goodNumber": 1,
    "orderState": 2,
    "name": "嘻嘻",
    "price": 123.00
  },
  {
    "orderId": "d9095d32-a537-4a27-8616-8ccecd4618a2",
    "goodId": 6,
    "userId": 197,
    "goodNumber": 1,
    "orderState": 2,
    "name": "哼哼哈兮",
    "price": 9797.00
  },
  {
    "orderId": "f61806bb-1688-431b-9697-2b3870ce2c13",
    "goodId": 4,
    "userId": 197,
    "goodNumber": 2,
    "orderState": 3,
    "name": "无敌大空调",
    "price": 66767.00
  }
]</format><args>{}</args></log4net.Error>
2019-05-10 10:55:57,729 [38] INFO  Graduation.Controllers.IndexController [(null)] - 右减除 || Get into 商品详情
2019-05-10 10:55:57,731 [40] INFO  Graduation.Controllers.IndexController [(null)] - <log4net.Error>Exception during StringFormat: Input string was not in a correct format. <format>获取商品详情成功{
  "goodId": 1,
  "name": "无敌大裙子",
  "price": 2333.00,
  "stock": 211,
  "sold": 33,
  "details": "我依旧是 西蜀霸王！！",
  "type": "男女服装",
  "facount": 1,
  "createtime": "2019-05-01 21:13:53"
}</format><args>{}</args></log4net.Error>
2019-05-10 10:56:00,462 [42] INFO  Graduation.Controllers.IndexController [(null)] - 右减除 || Get into 管理端订单管理
2019-05-10 10:56:00,464 [40] INFO  Graduation.Controllers.IndexController [(null)] - <log4net.Error>Exception during StringFormat: Input string was not in a correct format. <format>获取管理端订单管理列表成功[
  {
    "orderId": "104b06da-89a1-4bda-a5f6-ec10197c5285",
    "goodId": 1,
    "userId": 197,
    "goodNumber": 1,
    "orderState": 3,
    "name": "无敌大裙子",
    "price": 2333.00
  },
  {
    "orderId": "7fe74f16-44cb-4a30-924d-ca328e028e65",
    "goodId": 5,
    "userId": 197,
    "goodNumber": 13,
    "orderState": 4,
    "name": "西西卡",
    "evaluate": "差评",
    "price": 34444.00
  },
  {
    "orderId": "8cf20286-81d1-468d-9130-c1b36a2ba593",
    "goodId": 1,
    "userId": 197,
    "goodNumber": 3,
    "orderState": 2,
    "name": "无敌大裙子",
    "price": 2333.00
  },
  {
    "orderId": "a771eafe-e555-4435-b933-b2cef3392bd1",
    "goodId": 4,
    "userId": 197,
    "goodNumber": 5,
    "orderState": 4,
    "name": "无敌大空调",
    "price": 66767.00
  },
  {
    "orderId": "b6f67eec-62de-4fcf-9ebc-9e7423339e01",
    "goodId": 7,
    "userId": 197,
    "goodNumber": 1,
    "orderState": 2,
    "name": "嘻嘻",
    "price": 123.00
  },
  {
    "orderId": "bd469949-0c54-4a85-99d5-1a73df80075b",
    "goodId": 7,
    "userId": 197,
    "goodNumber": 1,
    "orderState": 2,
    "name": "嘻嘻",
    "price": 123.00
  },
  {
    "orderId": "d8be23e6-0e8c-41fb-a6ca-43da284880a1",
    "goodId": 7,
    "userId": 197,
    "goodNumber": 1,
    "orderState": 2,
    "name": "嘻嘻",
    "price": 123.00
  },
  {
    "orderId": "d9095d32-a537-4a27-8616-8ccecd4618a2",
    "goodId": 6,
    "userId": 197,
    "goodNumber": 1,
    "orderState": 2,
    "name": "哼哼哈兮",
    "price": 9797.00
  },
  {
    "orderId": "f61806bb-1688-431b-9697-2b3870ce2c13",
    "goodId": 4,
    "userId": 197,
    "goodNumber": 2,
    "orderState": 3,
    "name": "无敌大空调",
    "price": 66767.00
  }
]</format><args>{}</args></log4net.Error>
