2019-05-11 18:55:27,544 [10] INFO  Graduation.Controllers.LoginController [(null)] -  || Get into 登陆页面
2019-05-11 18:55:27,544 [9] INFO  Graduation.Controllers.LoginController [(null)] -  || Get into 登陆页面
2019-05-11 18:55:30,247 [10] INFO  Graduation.Controllers.LoginController [(null)] -  || Get into 登陆验证
2019-05-11 18:55:32,705 [4] INFO  Graduation.Controllers.LoginController [(null)] - <log4net.Error>Exception during StringFormat: Input string was not in a correct format. <format>登陆验证成功{
  "userId": 197,
  "trueName": "右减除",
  "phone": "13193119597",
  "password": "211",
  "name": "zjc",
  "sex": "男"
}</format><args>{}</args></log4net.Error>
2019-05-11 18:55:32,900 [4] INFO  Graduation.Controllers.IndexController [(null)] - zjc || Get into 首页
2019-05-11 18:55:33,040 [8] INFO  Graduation.Controllers.IndexController [(null)] - <log4net.Error>Exception during StringFormat: Input string was not in a correct format. <format>获取商品列表成功[
  {
    "goodId": 1,
    "name": "无敌大裙子",
    "price": 2333.00,
    "stock": 211,
    "sold": 33,
    "details": "我依旧是 西蜀霸王！！",
    "type": "男女服装",
    "facount": 1,
    "createtime": "2019-05-01 21:13:53"
  },
  {
    "goodId": 2,
    "name": "无敌大菠萝",
    "price": 60000.00,
    "stock": 3123,
    "sold": 444,
    "type": "零食水果",
    "facount": 5,
    "createtime": "2019-04-25 21:15:15"
  },
  {
    "goodId": 6,
    "name": "哼哼哈兮",
    "price": 9797.00,
    "stock": 23,
    "sold": 3,
    "type": "男女服装",
    "facount": 69,
    "createtime": "2019-05-05 14:19:52"
  },
  {
    "goodId": 7,
    "name": "嘻嘻",
    "price": 123.00,
    "stock": 22,
    "sold": 0,
    "details": "是的手动挡",
    "type": "生活用品",
    "facount": 1,
    "createtime": "2019-05-08 18:34:23"
  },
  {
    "goodId": 8,
    "name": "我去",
    "price": 233.00,
    "stock": 233,
    "sold": 0,
    "details": "是的手动挡",
    "type": "其他商品",
    "facount": 0,
    "createtime": "2019-05-08 19:05:13"
  }
]</format><args>{}</args></log4net.Error>
2019-05-11 18:55:33,087 [8] INFO  Graduation.Controllers.IndexController [(null)] - 获取类型列表成功[
  "男女服装",
  "鞋包配饰",
  "数码产品",
  "家居环境",
  "生活用品",
  "零食水果",
  "美容美妆",
  "其他商品"
]
2019-05-11 18:55:35,589 [9] INFO  Graduation.Controllers.LoginController [(null)] - zjc || Get into 获取个人资料
2019-05-11 18:55:35,616 [10] INFO  Graduation.Controllers.LoginController [(null)] - <log4net.Error>Exception during StringFormat: Input string was not in a correct format. <format>获取个人资料成功{
  "userId": 197,
  "trueName": "右减除",
  "phone": "13193119597",
  "password": "211",
  "name": "zjc",
  "sex": "男"
}</format><args>{}</args></log4net.Error>
2019-05-11 18:57:24,704 [17] INFO  Graduation.Controllers.LoginController [(null)] - zjc || Get into 我的购物车
2019-05-11 18:57:24,728 [22] INFO  Graduation.Controllers.LoginController [(null)] - 获取我的购物车列表成功[]
2019-05-11 18:58:38,235 [18] INFO  Graduation.Controllers.LoginController [(null)] - zjc || Get into 登录注销
2019-05-11 18:58:38,235 [18] INFO  Graduation.Controllers.LoginController [(null)] - 登录注销成功
2019-05-11 18:58:38,242 [18] INFO  Graduation.Controllers.LoginController [(null)] -  || Get into 登陆页面
2019-05-11 18:58:39,485 [18] INFO  Graduation.Controllers.IndexController [(null)] -  || Get into 管理员登陆页面
2019-05-11 18:58:40,244 [18] INFO  Graduation.Controllers.IndexController [(null)] -  || Get into 管理员登陆验证
2019-05-11 18:58:40,280 [23] INFO  Graduation.Controllers.IndexController [(null)] - <log4net.Error>Exception during StringFormat: Input string was not in a correct format. <format>管理员登陆验证成功{
  "id": 197,
  "password": "211",
  "name": "右减除"
}</format><args>{}</args></log4net.Error>
2019-05-11 18:58:40,299 [18] INFO  Graduation.Controllers.IndexController [(null)] -  || Get into 管理员首页
2019-05-11 18:58:41,619 [18] INFO  Graduation.Controllers.IndexController [(null)] - 右减除 || Get into 管理端订单管理
2019-05-11 18:58:41,636 [26] INFO  Graduation.Controllers.IndexController [(null)] - <log4net.Error>Exception during StringFormat: Input string was not in a correct format. <format>获取管理端订单管理列表成功[
  {
    "orderId": "104b06da-89a1-4bda-a5f6-ec10197c5285",
    "goodId": 1,
    "userId": 197,
    "goodNumber": 1,
    "orderState": 3,
    "name": "无敌大裙子",
    "price": 2333.00
  },
  {
    "orderId": "7fe74f16-44cb-4a30-924d-ca328e028e65",
    "goodId": 5,
    "userId": 197,
    "goodNumber": 13,
    "orderState": 4,
    "name": "西西卡",
    "evaluate": "差评",
    "price": 34444.00
  },
  {
    "orderId": "8cf20286-81d1-468d-9130-c1b36a2ba593",
    "goodId": 1,
    "userId": 197,
    "goodNumber": 3,
    "orderState": 2,
    "name": "无敌大裙子",
    "price": 2333.00
  },
  {
    "orderId": "a771eafe-e555-4435-b933-b2cef3392bd1",
    "goodId": 4,
    "userId": 197,
    "goodNumber": 5,
    "orderState": 4,
    "name": "无敌大空调",
    "price": 66767.00
  },
  {
    "orderId": "b6f67eec-62de-4fcf-9ebc-9e7423339e01",
    "goodId": 7,
    "userId": 197,
    "goodNumber": 1,
    "orderState": 2,
    "name": "嘻嘻",
    "price": 123.00
  },
  {
    "orderId": "bd469949-0c54-4a85-99d5-1a73df80075b",
    "goodId": 7,
    "userId": 197,
    "goodNumber": 1,
    "orderState": 2,
    "name": "嘻嘻",
    "price": 123.00
  },
  {
    "orderId": "d8be23e6-0e8c-41fb-a6ca-43da284880a1",
    "goodId": 7,
    "userId": 197,
    "goodNumber": 1,
    "orderState": 2,
    "name": "嘻嘻",
    "price": 123.00
  },
  {
    "orderId": "d9095d32-a537-4a27-8616-8ccecd4618a2",
    "goodId": 6,
    "userId": 197,
    "goodNumber": 1,
    "orderState": 2,
    "name": "哼哼哈兮",
    "price": 9797.00
  },
  {
    "orderId": "f61806bb-1688-431b-9697-2b3870ce2c13",
    "goodId": 4,
    "userId": 197,
    "goodNumber": 2,
    "orderState": 3,
    "name": "无敌大空调",
    "price": 66767.00
  }
]</format><args>{}</args></log4net.Error>
2019-05-11 19:00:29,205 [30] INFO  Graduation.Controllers.IndexController [(null)] - 右减除 || Get into 首页
2019-05-11 19:00:29,215 [32] INFO  Graduation.Controllers.IndexController [(null)] - <log4net.Error>Exception during StringFormat: Input string was not in a correct format. <format>获取商品列表成功[
  {
    "goodId": 1,
    "name": "无敌大裙子",
    "price": 2333.00,
    "stock": 211,
    "sold": 33,
    "details": "我依旧是 西蜀霸王！！",
    "type": "男女服装",
    "facount": 1,
    "createtime": "2019-05-01 21:13:53"
  },
  {
    "goodId": 2,
    "name": "无敌大菠萝",
    "price": 60000.00,
    "stock": 3123,
    "sold": 444,
    "type": "零食水果",
    "facount": 5,
    "createtime": "2019-04-25 21:15:15"
  },
  {
    "goodId": 6,
    "name": "哼哼哈兮",
    "price": 9797.00,
    "stock": 23,
    "sold": 3,
    "type": "男女服装",
    "facount": 69,
    "createtime": "2019-05-05 14:19:52"
  },
  {
    "goodId": 7,
    "name": "嘻嘻",
    "price": 123.00,
    "stock": 22,
    "sold": 0,
    "details": "是的手动挡",
    "type": "生活用品",
    "facount": 1,
    "createtime": "2019-05-08 18:34:23"
  },
  {
    "goodId": 8,
    "name": "我去",
    "price": 233.00,
    "stock": 233,
    "sold": 0,
    "details": "是的手动挡",
    "type": "其他商品",
    "facount": 0,
    "createtime": "2019-05-08 19:05:13"
  }
]</format><args>{}</args></log4net.Error>
2019-05-11 19:01:09,473 [35] INFO  Graduation.Controllers.IndexController [(null)] - 右减除 || Get into 用户管理
2019-05-11 19:01:09,494 [38] INFO  Graduation.Controllers.IndexController [(null)] - <log4net.Error>Exception during StringFormat: Input string was not in a correct format. <format>获取用户列表成功[
  {
    "userId": 111,
    "trueName": "大胆的",
    "phone": "123123",
    "password": "111",
    "name": "yjc",
    "sex": "女"
  },
  {
    "userId": 197,
    "trueName": "右减除",
    "phone": "13193119597",
    "password": "211",
    "name": "zjc",
    "sex": "男"
  }
]</format><args>{}</args></log4net.Error>
