2019-05-09 23:08:40,323 [9] INFO  Graduation.Controllers.LoginController [(null)] -  || Get into 登陆页面
2019-05-09 23:08:40,792 [8] INFO  Graduation.Controllers.LoginController [(null)] -  || Get into 登陆页面
2019-05-09 23:08:42,601 [7] INFO  Graduation.Controllers.LoginController [(null)] -  || Get into 登陆验证
2019-05-09 23:08:45,151 [4] INFO  Graduation.Controllers.LoginController [(null)] - <log4net.Error>Exception during StringFormat: Input string was not in a correct format. <format>登陆验证成功{
  "userId": 197,
  "trueName": "右减除",
  "phone": "13193119597",
  "password": "211",
  "name": "zjc",
  "sex": "男"
}</format><args>{}</args></log4net.Error>
2019-05-09 23:08:45,292 [4] INFO  Graduation.Controllers.IndexController [(null)] - zjc || Get into 首页
2019-05-09 23:08:45,471 [7] INFO  Graduation.Controllers.IndexController [(null)] - <log4net.Error>Exception during StringFormat: Input string was not in a correct format. <format>获取商品列表成功[
  {
    "goodId": 1,
    "name": "无敌大裙子",
    "price": 2333.00,
    "stock": 211,
    "sold": 33,
    "details": "我依旧是 西蜀霸王！！",
    "type": "男女服装",
    "facount": 1,
    "createtime": "2019-05-01 21:13:53"
  },
  {
    "goodId": 2,
    "name": "无敌大菠萝",
    "price": 60000.00,
    "stock": 3123,
    "sold": 444,
    "type": "零食水果",
    "facount": 5,
    "createtime": "2019-04-25 21:15:15"
  },
  {
    "goodId": 6,
    "name": "哼哼哈兮",
    "price": 9797.00,
    "stock": 23,
    "sold": 3,
    "type": "男女服装",
    "facount": 69,
    "createtime": "2019-05-05 14:19:52"
  },
  {
    "goodId": 7,
    "name": "嘻嘻",
    "price": 123.00,
    "stock": 22,
    "sold": 0,
    "details": "是的手动挡",
    "type": "生活用品",
    "facount": 1,
    "createtime": "2019-05-08 18:34:23"
  },
  {
    "goodId": 8,
    "name": "我去",
    "price": 233.00,
    "stock": 233,
    "sold": 0,
    "details": "是的手动挡",
    "type": "其他商品",
    "facount": 0,
    "createtime": "2019-05-08 19:05:13"
  }
]</format><args>{}</args></log4net.Error>
2019-05-09 23:08:45,510 [7] INFO  Graduation.Controllers.IndexController [(null)] - 获取类型列表成功[
  "男女服装",
  "鞋包配饰",
  "数码产品",
  "家居环境",
  "生活用品",
  "零食水果",
  "美容美妆",
  "其他商品"
]
2019-05-09 23:08:54,009 [10] INFO  Graduation.Controllers.IndexController [(null)] - zjc || Get into 商品列表
2019-05-09 23:08:54,024 [4] INFO  Graduation.Controllers.IndexController [(null)] - <log4net.Error>Exception during StringFormat: Input string was not in a correct format. <format>获取分类商品列表成功[
  {
    "goodId": 1,
    "name": "无敌大裙子",
    "price": 2333.00,
    "stock": 211,
    "sold": 33,
    "details": "我依旧是 西蜀霸王！！",
    "type": "男女服装",
    "facount": 1,
    "createtime": "2019-05-01 21:13:53"
  },
  {
    "goodId": 6,
    "name": "哼哼哈兮",
    "price": 9797.00,
    "stock": 23,
    "sold": 3,
    "type": "男女服装",
    "facount": 69,
    "createtime": "2019-05-05 14:19:52"
  }
]</format><args>{}</args></log4net.Error>
2019-05-09 23:08:54,035 [4] INFO  Graduation.Controllers.IndexController [(null)] - 获取类型列表成功[
  "男女服装",
  "鞋包配饰",
  "数码产品",
  "家居环境",
  "生活用品",
  "零食水果",
  "美容美妆",
  "其他商品"
]
2019-05-09 23:08:56,887 [9] INFO  Graduation.Controllers.LoginController [(null)] - zjc || Get into 我的购物车
2019-05-09 23:08:56,910 [13] INFO  Graduation.Controllers.LoginController [(null)] - <log4net.Error>Exception during StringFormat: Input string was not in a correct format. <format>获取我的购物车列表成功[
  {
    "orderId": "b6f67eec-62de-4fcf-9ebc-9e7423339e01",
    "goodId": 7,
    "userId": 197,
    "goodNumber": 1,
    "orderState": 1,
    "name": "嘻嘻",
    "price": 123.00
  }
]</format><args>{}</args></log4net.Error>
2019-05-09 23:08:59,380 [13] INFO  Graduation.Controllers.LoginController [(null)] - zjc || Get into 我的已购商品
2019-05-09 23:08:59,394 [7] INFO  Graduation.Controllers.LoginController [(null)] - <log4net.Error>Exception during StringFormat: Input string was not in a correct format. <format>获取已购商品成功[
  {
    "orderId": "104b06da-89a1-4bda-a5f6-ec10197c5285",
    "goodId": 1,
    "userId": 197,
    "goodNumber": 1,
    "orderState": 2,
    "name": "无敌大裙子",
    "price": 2333.00
  },
  {
    "orderId": "7fe74f16-44cb-4a30-924d-ca328e028e65",
    "goodId": 5,
    "userId": 197,
    "goodNumber": 13,
    "orderState": 4,
    "name": "西西卡",
    "evaluate": "差评",
    "price": 34444.00
  },
  {
    "orderId": "a771eafe-e555-4435-b933-b2cef3392bd1",
    "goodId": 4,
    "userId": 197,
    "goodNumber": 5,
    "orderState": 4,
    "name": "无敌大空调",
    "price": 66767.00
  },
  {
    "orderId": "bd469949-0c54-4a85-99d5-1a73df80075b",
    "goodId": 7,
    "userId": 197,
    "goodNumber": 1,
    "orderState": 2,
    "name": "嘻嘻",
    "price": 123.00
  },
  {
    "orderId": "d8be23e6-0e8c-41fb-a6ca-43da284880a1",
    "goodId": 7,
    "userId": 197,
    "goodNumber": 1,
    "orderState": 2,
    "name": "嘻嘻",
    "price": 123.00
  },
  {
    "orderId": "d9095d32-a537-4a27-8616-8ccecd4618a2",
    "goodId": 6,
    "userId": 197,
    "goodNumber": 1,
    "orderState": 2,
    "name": "哼哼哈兮",
    "price": 9797.00
  },
  {
    "orderId": "f61806bb-1688-431b-9697-2b3870ce2c13",
    "goodId": 4,
    "userId": 197,
    "goodNumber": 2,
    "orderState": 3,
    "name": "无敌大空调",
    "price": 66767.00
  }
]</format><args>{}</args></log4net.Error>
2019-05-09 23:09:02,713 [9] INFO  Graduation.Controllers.LoginController [(null)] - zjc || Get into 我的收藏
2019-05-09 23:09:02,798 [15] INFO  Graduation.Controllers.LoginController [(null)] - <log4net.Error>Exception during StringFormat: Input string was not in a correct format. <format>获取我的收藏成功[
  {
    "goodId": 1,
    "name": "无敌大裙子",
    "price": 2333.00,
    "stock": 211,
    "sold": 33,
    "details": "我依旧是 西蜀霸王！！",
    "type": "男女服装",
    "facount": 1,
    "createtime": "2019-05-01 21:13:53"
  },
  {
    "goodId": 2,
    "name": "无敌大菠萝",
    "price": 60000.00,
    "stock": 3123,
    "sold": 444,
    "type": "零食水果",
    "facount": 5,
    "createtime": "2019-04-25 21:15:15"
  },
  {
    "goodId": 6,
    "name": "哼哼哈兮",
    "price": 9797.00,
    "stock": 23,
    "sold": 3,
    "type": "男女服装",
    "facount": 69,
    "createtime": "2019-05-05 14:19:52"
  },
  {
    "goodId": 7,
    "name": "嘻嘻",
    "price": 123.00,
    "stock": 22,
    "sold": 0,
    "details": "是的手动挡",
    "type": "生活用品",
    "facount": 1,
    "createtime": "2019-05-08 18:34:23"
  }
]</format><args>{}</args></log4net.Error>
2019-05-09 23:09:05,238 [9] INFO  Graduation.Controllers.IndexController [(null)] - zjc || Get into 商品详情
2019-05-09 23:09:05,266 [13] INFO  Graduation.Controllers.IndexController [(null)] - <log4net.Error>Exception during StringFormat: Input string was not in a correct format. <format>获取商品详情成功{
  "goodId": 6,
  "name": "哼哼哈兮",
  "price": 9797.00,
  "stock": 23,
  "sold": 3,
  "type": "男女服装",
  "facount": 69,
  "createtime": "2019-05-05 14:19:52"
}</format><args>{}</args></log4net.Error>
2019-05-09 23:09:09,318 [13] INFO  Graduation.Controllers.LoginController [(null)] - zjc || Get into 登录注销
2019-05-09 23:09:09,318 [13] INFO  Graduation.Controllers.LoginController [(null)] - 登录注销成功
2019-05-09 23:09:09,323 [7] INFO  Graduation.Controllers.LoginController [(null)] -  || Get into 登陆页面
2019-05-09 23:09:11,364 [7] INFO  Graduation.Controllers.IndexController [(null)] -  || Get into 管理员登陆页面
2019-05-09 23:09:13,751 [9] INFO  Graduation.Controllers.IndexController [(null)] -  || Get into 管理员登陆验证
2019-05-09 23:09:13,780 [15] INFO  Graduation.Controllers.IndexController [(null)] - <log4net.Error>Exception during StringFormat: Input string was not in a correct format. <format>管理员登陆验证成功{
  "id": 197,
  "password": "211",
  "name": "右减除"
}</format><args>{}</args></log4net.Error>
2019-05-09 23:09:13,792 [13] INFO  Graduation.Controllers.IndexController [(null)] -  || Get into 管理员首页
2019-05-09 23:09:16,204 [13] INFO  Graduation.Controllers.IndexController [(null)] - 右减除 || Get into 管理端订单管理
2019-05-09 23:09:16,222 [7] INFO  Graduation.Controllers.IndexController [(null)] - <log4net.Error>Exception during StringFormat: Input string was not in a correct format. <format>获取管理端订单管理列表成功[
  {
    "orderId": "104b06da-89a1-4bda-a5f6-ec10197c5285",
    "goodId": 1,
    "userId": 197,
    "goodNumber": 1,
    "orderState": 2,
    "name": "无敌大裙子",
    "price": 2333.00
  },
  {
    "orderId": "7fe74f16-44cb-4a30-924d-ca328e028e65",
    "goodId": 5,
    "userId": 197,
    "goodNumber": 13,
    "orderState": 4,
    "name": "西西卡",
    "evaluate": "差评",
    "price": 34444.00
  },
  {
    "orderId": "a771eafe-e555-4435-b933-b2cef3392bd1",
    "goodId": 4,
    "userId": 197,
    "goodNumber": 5,
    "orderState": 4,
    "name": "无敌大空调",
    "price": 66767.00
  },
  {
    "orderId": "b6f67eec-62de-4fcf-9ebc-9e7423339e01",
    "goodId": 7,
    "userId": 197,
    "goodNumber": 1,
    "orderState": 1,
    "name": "嘻嘻",
    "price": 123.00
  },
  {
    "orderId": "bd469949-0c54-4a85-99d5-1a73df80075b",
    "goodId": 7,
    "userId": 197,
    "goodNumber": 1,
    "orderState": 2,
    "name": "嘻嘻",
    "price": 123.00
  },
  {
    "orderId": "d8be23e6-0e8c-41fb-a6ca-43da284880a1",
    "goodId": 7,
    "userId": 197,
    "goodNumber": 1,
    "orderState": 2,
    "name": "嘻嘻",
    "price": 123.00
  },
  {
    "orderId": "d9095d32-a537-4a27-8616-8ccecd4618a2",
    "goodId": 6,
    "userId": 197,
    "goodNumber": 1,
    "orderState": 2,
    "name": "哼哼哈兮",
    "price": 9797.00
  },
  {
    "orderId": "f61806bb-1688-431b-9697-2b3870ce2c13",
    "goodId": 4,
    "userId": 197,
    "goodNumber": 2,
    "orderState": 3,
    "name": "无敌大空调",
    "price": 66767.00
  }
]</format><args>{}</args></log4net.Error>
2019-05-09 23:09:19,446 [7] INFO  Graduation.Controllers.IndexController [(null)] - 右减除 || Get into 首页
2019-05-09 23:09:19,453 [13] INFO  Graduation.Controllers.IndexController [(null)] - <log4net.Error>Exception during StringFormat: Input string was not in a correct format. <format>获取商品列表成功[
  {
    "goodId": 1,
    "name": "无敌大裙子",
    "price": 2333.00,
    "stock": 211,
    "sold": 33,
    "details": "我依旧是 西蜀霸王！！",
    "type": "男女服装",
    "facount": 1,
    "createtime": "2019-05-01 21:13:53"
  },
  {
    "goodId": 2,
    "name": "无敌大菠萝",
    "price": 60000.00,
    "stock": 3123,
    "sold": 444,
    "type": "零食水果",
    "facount": 5,
    "createtime": "2019-04-25 21:15:15"
  },
  {
    "goodId": 6,
    "name": "哼哼哈兮",
    "price": 9797.00,
    "stock": 23,
    "sold": 3,
    "type": "男女服装",
    "facount": 69,
    "createtime": "2019-05-05 14:19:52"
  },
  {
    "goodId": 7,
    "name": "嘻嘻",
    "price": 123.00,
    "stock": 22,
    "sold": 0,
    "details": "是的手动挡",
    "type": "生活用品",
    "facount": 1,
    "createtime": "2019-05-08 18:34:23"
  },
  {
    "goodId": 8,
    "name": "我去",
    "price": 233.00,
    "stock": 233,
    "sold": 0,
    "details": "是的手动挡",
    "type": "其他商品",
    "facount": 0,
    "createtime": "2019-05-08 19:05:13"
  }
]</format><args>{}</args></log4net.Error>
2019-05-09 23:09:22,687 [13] INFO  Graduation.Controllers.IndexController [(null)] - 右减除 || Get into 首页
2019-05-09 23:09:22,689 [16] INFO  Graduation.Controllers.IndexController [(null)] - <log4net.Error>Exception during StringFormat: Input string was not in a correct format. <format>获取商品列表成功[
  {
    "goodId": 1,
    "name": "无敌大裙子",
    "price": 2333.00,
    "stock": 211,
    "sold": 33,
    "details": "我依旧是 西蜀霸王！！",
    "type": "男女服装",
    "facount": 1,
    "createtime": "2019-05-01 21:13:53"
  },
  {
    "goodId": 2,
    "name": "无敌大菠萝",
    "price": 60000.00,
    "stock": 3123,
    "sold": 444,
    "type": "零食水果",
    "facount": 5,
    "createtime": "2019-04-25 21:15:15"
  },
  {
    "goodId": 6,
    "name": "哼哼哈兮",
    "price": 9797.00,
    "stock": 23,
    "sold": 3,
    "type": "男女服装",
    "facount": 69,
    "createtime": "2019-05-05 14:19:52"
  },
  {
    "goodId": 7,
    "name": "嘻嘻",
    "price": 123.00,
    "stock": 22,
    "sold": 0,
    "details": "是的手动挡",
    "type": "生活用品",
    "facount": 1,
    "createtime": "2019-05-08 18:34:23"
  },
  {
    "goodId": 8,
    "name": "我去",
    "price": 233.00,
    "stock": 233,
    "sold": 0,
    "details": "是的手动挡",
    "type": "其他商品",
    "facount": 0,
    "createtime": "2019-05-08 19:05:13"
  }
]</format><args>{}</args></log4net.Error>
2019-05-09 23:09:23,601 [13] INFO  Graduation.Controllers.IndexController [(null)] - 右减除 || Get into 首页
2019-05-09 23:09:23,603 [16] INFO  Graduation.Controllers.IndexController [(null)] - <log4net.Error>Exception during StringFormat: Input string was not in a correct format. <format>获取商品列表成功[
  {
    "goodId": 1,
    "name": "无敌大裙子",
    "price": 2333.00,
    "stock": 211,
    "sold": 33,
    "details": "我依旧是 西蜀霸王！！",
    "type": "男女服装",
    "facount": 1,
    "createtime": "2019-05-01 21:13:53"
  },
  {
    "goodId": 2,
    "name": "无敌大菠萝",
    "price": 60000.00,
    "stock": 3123,
    "sold": 444,
    "type": "零食水果",
    "facount": 5,
    "createtime": "2019-04-25 21:15:15"
  },
  {
    "goodId": 6,
    "name": "哼哼哈兮",
    "price": 9797.00,
    "stock": 23,
    "sold": 3,
    "type": "男女服装",
    "facount": 69,
    "createtime": "2019-05-05 14:19:52"
  },
  {
    "goodId": 7,
    "name": "嘻嘻",
    "price": 123.00,
    "stock": 22,
    "sold": 0,
    "details": "是的手动挡",
    "type": "生活用品",
    "facount": 1,
    "createtime": "2019-05-08 18:34:23"
  },
  {
    "goodId": 8,
    "name": "我去",
    "price": 233.00,
    "stock": 233,
    "sold": 0,
    "details": "是的手动挡",
    "type": "其他商品",
    "facount": 0,
    "createtime": "2019-05-08 19:05:13"
  }
]</format><args>{}</args></log4net.Error>
2019-05-09 23:09:25,684 [9] INFO  Graduation.Controllers.IndexController [(null)] - 右减除 || Get into 管理端订单管理
2019-05-09 23:09:25,690 [16] INFO  Graduation.Controllers.IndexController [(null)] - <log4net.Error>Exception during StringFormat: Input string was not in a correct format. <format>获取管理端订单管理列表成功[
  {
    "orderId": "104b06da-89a1-4bda-a5f6-ec10197c5285",
    "goodId": 1,
    "userId": 197,
    "goodNumber": 1,
    "orderState": 2,
    "name": "无敌大裙子",
    "price": 2333.00
  },
  {
    "orderId": "7fe74f16-44cb-4a30-924d-ca328e028e65",
    "goodId": 5,
    "userId": 197,
    "goodNumber": 13,
    "orderState": 4,
    "name": "西西卡",
    "evaluate": "差评",
    "price": 34444.00
  },
  {
    "orderId": "a771eafe-e555-4435-b933-b2cef3392bd1",
    "goodId": 4,
    "userId": 197,
    "goodNumber": 5,
    "orderState": 4,
    "name": "无敌大空调",
    "price": 66767.00
  },
  {
    "orderId": "b6f67eec-62de-4fcf-9ebc-9e7423339e01",
    "goodId": 7,
    "userId": 197,
    "goodNumber": 1,
    "orderState": 1,
    "name": "嘻嘻",
    "price": 123.00
  },
  {
    "orderId": "bd469949-0c54-4a85-99d5-1a73df80075b",
    "goodId": 7,
    "userId": 197,
    "goodNumber": 1,
    "orderState": 2,
    "name": "嘻嘻",
    "price": 123.00
  },
  {
    "orderId": "d8be23e6-0e8c-41fb-a6ca-43da284880a1",
    "goodId": 7,
    "userId": 197,
    "goodNumber": 1,
    "orderState": 2,
    "name": "嘻嘻",
    "price": 123.00
  },
  {
    "orderId": "d9095d32-a537-4a27-8616-8ccecd4618a2",
    "goodId": 6,
    "userId": 197,
    "goodNumber": 1,
    "orderState": 2,
    "name": "哼哼哈兮",
    "price": 9797.00
  },
  {
    "orderId": "f61806bb-1688-431b-9697-2b3870ce2c13",
    "goodId": 4,
    "userId": 197,
    "goodNumber": 2,
    "orderState": 3,
    "name": "无敌大空调",
    "price": 66767.00
  }
]</format><args>{}</args></log4net.Error>
2019-05-09 23:09:27,628 [9] INFO  Graduation.Controllers.IndexController [(null)] - 右减除 || Get into 首页
2019-05-09 23:09:27,630 [16] INFO  Graduation.Controllers.IndexController [(null)] - <log4net.Error>Exception during StringFormat: Input string was not in a correct format. <format>获取商品列表成功[
  {
    "goodId": 1,
    "name": "无敌大裙子",
    "price": 2333.00,
    "stock": 211,
    "sold": 33,
    "details": "我依旧是 西蜀霸王！！",
    "type": "男女服装",
    "facount": 1,
    "createtime": "2019-05-01 21:13:53"
  },
  {
    "goodId": 2,
    "name": "无敌大菠萝",
    "price": 60000.00,
    "stock": 3123,
    "sold": 444,
    "type": "零食水果",
    "facount": 5,
    "createtime": "2019-04-25 21:15:15"
  },
  {
    "goodId": 6,
    "name": "哼哼哈兮",
    "price": 9797.00,
    "stock": 23,
    "sold": 3,
    "type": "男女服装",
    "facount": 69,
    "createtime": "2019-05-05 14:19:52"
  },
  {
    "goodId": 7,
    "name": "嘻嘻",
    "price": 123.00,
    "stock": 22,
    "sold": 0,
    "details": "是的手动挡",
    "type": "生活用品",
    "facount": 1,
    "createtime": "2019-05-08 18:34:23"
  },
  {
    "goodId": 8,
    "name": "我去",
    "price": 233.00,
    "stock": 233,
    "sold": 0,
    "details": "是的手动挡",
    "type": "其他商品",
    "facount": 0,
    "createtime": "2019-05-08 19:05:13"
  }
]</format><args>{}</args></log4net.Error>
2019-05-09 23:09:28,845 [13] INFO  Graduation.Controllers.IndexController [(null)] - 右减除 || Get into 首页
2019-05-09 23:09:28,848 [16] INFO  Graduation.Controllers.IndexController [(null)] - <log4net.Error>Exception during StringFormat: Input string was not in a correct format. <format>获取商品列表成功[
  {
    "goodId": 1,
    "name": "无敌大裙子",
    "price": 2333.00,
    "stock": 211,
    "sold": 33,
    "details": "我依旧是 西蜀霸王！！",
    "type": "男女服装",
    "facount": 1,
    "createtime": "2019-05-01 21:13:53"
  },
  {
    "goodId": 2,
    "name": "无敌大菠萝",
    "price": 60000.00,
    "stock": 3123,
    "sold": 444,
    "type": "零食水果",
    "facount": 5,
    "createtime": "2019-04-25 21:15:15"
  },
  {
    "goodId": 6,
    "name": "哼哼哈兮",
    "price": 9797.00,
    "stock": 23,
    "sold": 3,
    "type": "男女服装",
    "facount": 69,
    "createtime": "2019-05-05 14:19:52"
  },
  {
    "goodId": 7,
    "name": "嘻嘻",
    "price": 123.00,
    "stock": 22,
    "sold": 0,
    "details": "是的手动挡",
    "type": "生活用品",
    "facount": 1,
    "createtime": "2019-05-08 18:34:23"
  },
  {
    "goodId": 8,
    "name": "我去",
    "price": 233.00,
    "stock": 233,
    "sold": 0,
    "details": "是的手动挡",
    "type": "其他商品",
    "facount": 0,
    "createtime": "2019-05-08 19:05:13"
  }
]</format><args>{}</args></log4net.Error>
2019-05-09 23:09:29,884 [9] INFO  Graduation.Controllers.IndexController [(null)] - 右减除 || Get into 上传商品页面
2019-05-09 23:09:29,884 [9] INFO  Graduation.Controllers.IndexController [(null)] - 跳转上传商品页面成功
2019-05-09 23:09:31,543 [13] INFO  Graduation.Controllers.IndexController [(null)] - 右减除 || Get into 用户管理
2019-05-09 23:09:31,566 [13] INFO  Graduation.Controllers.IndexController [(null)] - <log4net.Error>Exception during StringFormat: Input string was not in a correct format. <format>获取用户列表成功[
  {
    "userId": 111,
    "trueName": "大胆的",
    "phone": "123123",
    "password": "111",
    "name": "yjc",
    "sex": "女"
  },
  {
    "userId": 197,
    "trueName": "右减除",
    "phone": "13193119597",
    "password": "211",
    "name": "zjc",
    "sex": "男"
  }
]</format><args>{}</args></log4net.Error>
2019-05-09 23:09:34,446 [10] INFO  Graduation.Controllers.IndexController [(null)] - 右减除 || Get into 评价列表
2019-05-09 23:09:34,459 [17] INFO  Graduation.Controllers.IndexController [(null)] - <log4net.Error>Exception during StringFormat: Input string was not in a correct format. <format>获取评价列表成功[
  {
    "orderId": "7fe74f16-44cb-4a30-924d-ca328e028e65",
    "goodId": 5,
    "userId": 197,
    "goodNumber": 13,
    "orderState": 4,
    "name": "西西卡",
    "evaluate": "差评",
    "price": 34444.00
  }
]</format><args>{}</args></log4net.Error>
