2019-04-24 11:16:51,845 [7] INFO  Graduation.Controllers.LoginController [(null)] -  || Get into 登陆页面
2019-04-24 11:16:55,040 [7] INFO  Graduation.Controllers.LoginController [(null)] -  || Get into 登陆验证
2019-04-24 11:16:56,616 [3] INFO  Graduation.Controllers.LoginController [(null)] - <log4net.Error>Exception during StringFormat: Input string was not in a correct format. <format>登陆验证成功{
  "userId": 197,
  "trueName": "",
  "phone": 0,
  "password": "211",
  "name": "zzz",
  "sex": "男"
}</format><args>{}</args></log4net.Error>
2019-04-24 11:16:56,697 [3] INFO  Graduation.Controllers.IndexController [(null)] - zzz || Get into 首页
2019-04-24 11:17:38,199 [16] INFO  Graduation.Controllers.IndexController [(null)] - zzz || Get into 首页
2019-04-24 11:17:41,300 [8] INFO  Graduation.Controllers.IndexController [(null)] - zzz || Get into 首页
2019-04-24 11:18:58,011 [8] INFO  Graduation.Controllers.LoginController [(null)] -  || Get into 登陆页面
2019-04-24 11:19:01,064 [7] INFO  Graduation.Controllers.LoginController [(null)] -  || Get into 登陆验证
2019-04-24 11:19:01,758 [13] INFO  Graduation.Controllers.LoginController [(null)] - <log4net.Error>Exception during StringFormat: Input string was not in a correct format. <format>登陆验证成功{
  "userId": 197,
  "trueName": "",
  "phone": 0,
  "password": "211",
  "name": "zzz",
  "sex": "男"
}</format><args>{}</args></log4net.Error>
2019-04-24 11:19:01,843 [13] INFO  Graduation.Controllers.IndexController [(null)] - zzz || Get into 首页
2019-04-24 11:23:33,988 [7] INFO  Graduation.Controllers.IndexController [(null)] - zzz || Get into 首页
2019-04-24 11:23:35,901 [21] INFO  Graduation.Controllers.IndexController [(null)] - zzz || Get into 首页
2019-04-24 11:23:39,517 [10] INFO  Graduation.Controllers.LoginController [(null)] -  || Get into 注册页面
2019-04-24 11:23:41,125 [7] INFO  Graduation.Controllers.IndexController [(null)] - zzz || Get into 首页
2019-04-24 16:16:07,786 [7] INFO  Graduation.Controllers.LoginController [(null)] -  || Get into 登陆页面
2019-04-24 16:16:11,527 [8] INFO  Graduation.Controllers.LoginController [(null)] -  || Get into 登陆验证
2019-04-24 16:16:12,222 [4] INFO  Graduation.Controllers.LoginController [(null)] - <log4net.Error>Exception during StringFormat: Input string was not in a correct format. <format>登陆验证成功{
  "userId": 197,
  "trueName": "",
  "phone": 0,
  "password": "211",
  "name": "zzz",
  "sex": "男"
}</format><args>{}</args></log4net.Error>
2019-04-24 16:16:12,372 [4] INFO  Graduation.Controllers.IndexController [(null)] - zzz || Get into 首页
2019-04-24 16:17:52,728 [7] INFO  Graduation.Controllers.IndexController [(null)] - zzz || Get into 首页
