2019-05-04 14:12:52,082 [7] INFO  Graduation.Controllers.LoginController [(null)] -  || Get into 登陆页面
2019-05-04 14:12:55,140 [7] INFO  Graduation.Controllers.LoginController [(null)] -  || Get into 登陆验证
2019-05-04 14:12:56,723 [3] INFO  Graduation.Controllers.LoginController [(null)] - <log4net.Error>Exception during StringFormat: Input string was not in a correct format. <format>登陆验证成功{
  "userId": 197,
  "trueName": "",
  "phone": 0,
  "password": "211",
  "name": "zzz",
  "sex": "男"
}</format><args>{}</args></log4net.Error>
2019-05-04 14:12:56,848 [3] INFO  Graduation.Controllers.IndexController [(null)] - zzz || Get into 首页
2019-05-04 14:14:38,368 [8] INFO  Graduation.Controllers.LoginController [(null)] -  || Get into 登陆页面
2019-05-04 14:14:40,767 [7] INFO  Graduation.Controllers.LoginController [(null)] -  || Get into 登陆验证
2019-05-04 14:14:41,475 [14] INFO  Graduation.Controllers.LoginController [(null)] - <log4net.Error>Exception during StringFormat: Input string was not in a correct format. <format>登陆验证成功{
  "userId": 197,
  "trueName": "",
  "phone": 0,
  "password": "211",
  "name": "zzz",
  "sex": "男"
}</format><args>{}</args></log4net.Error>
2019-05-04 14:14:41,561 [14] INFO  Graduation.Controllers.IndexController [(null)] - zzz || Get into 首页
2019-05-04 14:14:56,882 [7] INFO  Graduation.Controllers.IndexController [(null)] - 获取类型列表成功[
  "男女服装",
  "数码产品",
  "生活用品"
]
2019-05-04 14:19:43,394 [8] INFO  Graduation.Controllers.LoginController [(null)] -  || Get into 登陆页面
2019-05-04 14:19:46,741 [8] INFO  Graduation.Controllers.LoginController [(null)] -  || Get into 登陆验证
2019-05-04 14:19:47,445 [4] INFO  Graduation.Controllers.LoginController [(null)] - <log4net.Error>Exception during StringFormat: Input string was not in a correct format. <format>登陆验证成功{
  "userId": 197,
  "trueName": "",
  "phone": 0,
  "password": "211",
  "name": "zzz",
  "sex": "男"
}</format><args>{}</args></log4net.Error>
2019-05-04 14:19:47,522 [4] INFO  Graduation.Controllers.IndexController [(null)] - zzz || Get into 首页
2019-05-04 14:19:47,603 [7] INFO  Graduation.Controllers.IndexController [(null)] - 获取类型列表成功[
  "男女服装",
  "数码产品",
  "生活用品",
  "鞋包配饰",
  "家居环境",
  "零食水果",
  "美容美妆",
  "其他商品"
]
2019-05-04 14:41:03,840 [8] INFO  Graduation.Controllers.LoginController [(null)] -  || Get into 登陆页面
2019-05-04 14:41:06,642 [7] INFO  Graduation.Controllers.LoginController [(null)] -  || Get into 登陆验证
2019-05-04 14:41:07,337 [4] INFO  Graduation.Controllers.LoginController [(null)] - <log4net.Error>Exception during StringFormat: Input string was not in a correct format. <format>登陆验证成功{
  "userId": 197,
  "trueName": "",
  "phone": 0,
  "password": "211",
  "name": "zzz",
  "sex": "男"
}</format><args>{}</args></log4net.Error>
2019-05-04 14:41:07,420 [4] INFO  Graduation.Controllers.IndexController [(null)] - zzz || Get into 首页
2019-05-04 14:41:07,491 [10] INFO  Graduation.Controllers.IndexController [(null)] - 获取类型列表成功[
  "男女服装",
  "数码产品",
  "生活用品",
  "鞋包配饰",
  "家居环境",
  "零食水果",
  "美容美妆",
  "其他商品"
]
2019-05-04 15:04:28,458 [8] INFO  Graduation.Controllers.LoginController [(null)] -  || Get into 登陆页面
2019-05-04 15:04:31,023 [8] INFO  Graduation.Controllers.LoginController [(null)] -  || Get into 登陆验证
2019-05-04 15:04:31,723 [4] INFO  Graduation.Controllers.LoginController [(null)] - <log4net.Error>Exception during StringFormat: Input string was not in a correct format. <format>登陆验证成功{
  "userId": 197,
  "trueName": "",
  "phone": 0,
  "password": "211",
  "name": "zzz",
  "sex": "男"
}</format><args>{}</args></log4net.Error>
2019-05-04 15:04:31,802 [4] INFO  Graduation.Controllers.IndexController [(null)] - zzz || Get into 首页
2019-05-04 15:04:53,125 [10] INFO  Graduation.Controllers.LoginController [(null)] -  || Get into 登陆页面
2019-05-04 15:04:55,634 [10] INFO  Graduation.Controllers.LoginController [(null)] -  || Get into 登陆验证
2019-05-04 15:04:56,327 [4] INFO  Graduation.Controllers.LoginController [(null)] - <log4net.Error>Exception during StringFormat: Input string was not in a correct format. <format>登陆验证成功{
  "userId": 197,
  "trueName": "",
  "phone": 0,
  "password": "211",
  "name": "zzz",
  "sex": "男"
}</format><args>{}</args></log4net.Error>
2019-05-04 15:04:56,498 [4] INFO  Graduation.Controllers.IndexController [(null)] - zzz || Get into 首页
2019-05-04 15:05:26,950 [7] INFO  Graduation.Controllers.LoginController [(null)] -  || Get into 登陆页面
2019-05-04 15:05:29,695 [8] INFO  Graduation.Controllers.LoginController [(null)] -  || Get into 登陆验证
2019-05-04 15:05:30,404 [13] INFO  Graduation.Controllers.LoginController [(null)] - <log4net.Error>Exception during StringFormat: Input string was not in a correct format. <format>登陆验证成功{
  "userId": 197,
  "trueName": "",
  "phone": 0,
  "password": "211",
  "name": "zzz",
  "sex": "男"
}</format><args>{}</args></log4net.Error>
2019-05-04 15:05:30,485 [13] INFO  Graduation.Controllers.IndexController [(null)] - zzz || Get into 首页
2019-05-04 15:07:08,620 [8] INFO  Graduation.Controllers.LoginController [(null)] -  || Get into 登陆页面
2019-05-04 15:07:11,501 [9] INFO  Graduation.Controllers.LoginController [(null)] -  || Get into 登陆验证
2019-05-04 15:07:12,206 [4] INFO  Graduation.Controllers.LoginController [(null)] - <log4net.Error>Exception during StringFormat: Input string was not in a correct format. <format>登陆验证成功{
  "userId": 197,
  "trueName": "",
  "phone": 0,
  "password": "211",
  "name": "zzz",
  "sex": "男"
}</format><args>{}</args></log4net.Error>
2019-05-04 15:07:12,292 [4] INFO  Graduation.Controllers.IndexController [(null)] - zzz || Get into 首页
2019-05-04 15:17:55,952 [8] INFO  Graduation.Controllers.LoginController [(null)] -  || Get into 登陆页面
2019-05-04 15:17:58,445 [8] INFO  Graduation.Controllers.LoginController [(null)] -  || Get into 登陆验证
2019-05-04 15:17:59,155 [4] INFO  Graduation.Controllers.LoginController [(null)] - <log4net.Error>Exception during StringFormat: Input string was not in a correct format. <format>登陆验证成功{
  "userId": 197,
  "trueName": "",
  "phone": 0,
  "password": "211",
  "name": "zzz",
  "sex": "男"
}</format><args>{}</args></log4net.Error>
2019-05-04 15:17:59,241 [4] INFO  Graduation.Controllers.IndexController [(null)] - zzz || Get into 首页
2019-05-04 15:20:26,953 [8] INFO  Graduation.Controllers.LoginController [(null)] -  || Get into 登陆页面
2019-05-04 15:20:29,253 [7] INFO  Graduation.Controllers.LoginController [(null)] -  || Get into 登陆验证
2019-05-04 15:20:29,965 [3] INFO  Graduation.Controllers.LoginController [(null)] - <log4net.Error>Exception during StringFormat: Input string was not in a correct format. <format>登陆验证成功{
  "userId": 197,
  "trueName": "",
  "phone": 0,
  "password": "211",
  "name": "zzz",
  "sex": "男"
}</format><args>{}</args></log4net.Error>
2019-05-04 15:20:30,049 [3] INFO  Graduation.Controllers.IndexController [(null)] - zzz || Get into 首页
2019-05-04 15:21:32,777 [8] INFO  Graduation.Controllers.LoginController [(null)] -  || Get into 登陆页面
2019-05-04 15:21:35,599 [8] INFO  Graduation.Controllers.LoginController [(null)] -  || Get into 登陆验证
2019-05-04 15:21:36,294 [14] INFO  Graduation.Controllers.LoginController [(null)] - <log4net.Error>Exception during StringFormat: Input string was not in a correct format. <format>登陆验证成功{
  "userId": 197,
  "trueName": "",
  "phone": 0,
  "password": "211",
  "name": "zzz",
  "sex": "男"
}</format><args>{}</args></log4net.Error>
2019-05-04 15:21:36,387 [14] INFO  Graduation.Controllers.IndexController [(null)] - zzz || Get into 首页
2019-05-04 15:25:29,349 [8] INFO  Graduation.Controllers.LoginController [(null)] -  || Get into 登陆页面
2019-05-04 15:25:31,789 [7] INFO  Graduation.Controllers.LoginController [(null)] -  || Get into 登陆验证
2019-05-04 15:25:32,506 [4] INFO  Graduation.Controllers.LoginController [(null)] - <log4net.Error>Exception during StringFormat: Input string was not in a correct format. <format>登陆验证成功{
  "userId": 197,
  "trueName": "",
  "phone": 0,
  "password": "211",
  "name": "zzz",
  "sex": "男"
}</format><args>{}</args></log4net.Error>
2019-05-04 15:25:32,587 [7] INFO  Graduation.Controllers.IndexController [(null)] - zzz || Get into 首页
2019-05-04 15:30:30,319 [8] INFO  Graduation.Controllers.LoginController [(null)] -  || Get into 登陆页面
2019-05-04 15:30:32,546 [8] INFO  Graduation.Controllers.LoginController [(null)] -  || Get into 登陆验证
2019-05-04 15:30:33,403 [13] INFO  Graduation.Controllers.LoginController [(null)] - <log4net.Error>Exception during StringFormat: Input string was not in a correct format. <format>登陆验证成功{
  "userId": 197,
  "trueName": "",
  "phone": 0,
  "password": "211",
  "name": "zzz",
  "sex": "男"
}</format><args>{}</args></log4net.Error>
2019-05-04 15:30:33,491 [13] INFO  Graduation.Controllers.IndexController [(null)] - zzz || Get into 首页
2019-05-04 15:31:45,724 [8] INFO  Graduation.Controllers.LoginController [(null)] -  || Get into 登陆页面
2019-05-04 15:31:47,847 [7] INFO  Graduation.Controllers.LoginController [(null)] -  || Get into 登陆验证
2019-05-04 15:31:48,558 [4] INFO  Graduation.Controllers.LoginController [(null)] - <log4net.Error>Exception during StringFormat: Input string was not in a correct format. <format>登陆验证成功{
  "userId": 197,
  "trueName": "",
  "phone": 0,
  "password": "211",
  "name": "zzz",
  "sex": "男"
}</format><args>{}</args></log4net.Error>
2019-05-04 15:31:48,647 [4] INFO  Graduation.Controllers.IndexController [(null)] - zzz || Get into 首页
2019-05-04 15:33:45,221 [8] INFO  Graduation.Controllers.LoginController [(null)] -  || Get into 登陆页面
2019-05-04 15:33:47,664 [8] INFO  Graduation.Controllers.LoginController [(null)] -  || Get into 登陆验证
2019-05-04 15:33:48,379 [4] INFO  Graduation.Controllers.LoginController [(null)] - <log4net.Error>Exception during StringFormat: Input string was not in a correct format. <format>登陆验证成功{
  "userId": 197,
  "trueName": "",
  "phone": 0,
  "password": "211",
  "name": "zzz",
  "sex": "男"
}</format><args>{}</args></log4net.Error>
2019-05-04 15:33:48,470 [4] INFO  Graduation.Controllers.IndexController [(null)] - zzz || Get into 首页
2019-05-04 15:34:15,914 [9] INFO  Graduation.Controllers.LoginController [(null)] -  || Get into 登陆页面
2019-05-04 15:34:17,860 [7] INFO  Graduation.Controllers.LoginController [(null)] -  || Get into 登陆验证
2019-05-04 15:34:18,563 [4] INFO  Graduation.Controllers.LoginController [(null)] - <log4net.Error>Exception during StringFormat: Input string was not in a correct format. <format>登陆验证成功{
  "userId": 197,
  "trueName": "",
  "phone": 0,
  "password": "211",
  "name": "zzz",
  "sex": "男"
}</format><args>{}</args></log4net.Error>
2019-05-04 15:34:18,658 [4] INFO  Graduation.Controllers.IndexController [(null)] - zzz || Get into 首页
2019-05-04 15:39:43,167 [8] INFO  Graduation.Controllers.LoginController [(null)] -  || Get into 登陆页面
2019-05-04 15:39:45,806 [8] INFO  Graduation.Controllers.LoginController [(null)] -  || Get into 登陆验证
2019-05-04 15:39:46,523 [4] INFO  Graduation.Controllers.LoginController [(null)] - <log4net.Error>Exception during StringFormat: Input string was not in a correct format. <format>登陆验证成功{
  "userId": 197,
  "trueName": "",
  "phone": 0,
  "password": "211",
  "name": "zzz",
  "sex": "男"
}</format><args>{}</args></log4net.Error>
2019-05-04 15:39:46,620 [4] INFO  Graduation.Controllers.IndexController [(null)] - zzz || Get into 首页
2019-05-04 15:41:57,038 [8] INFO  Graduation.Controllers.LoginController [(null)] -  || Get into 登陆页面
2019-05-04 15:41:59,325 [8] INFO  Graduation.Controllers.LoginController [(null)] -  || Get into 登陆验证
2019-05-04 15:42:00,042 [4] INFO  Graduation.Controllers.LoginController [(null)] - <log4net.Error>Exception during StringFormat: Input string was not in a correct format. <format>登陆验证成功{
  "userId": 197,
  "trueName": "",
  "phone": 0,
  "password": "211",
  "name": "zzz",
  "sex": "男"
}</format><args>{}</args></log4net.Error>
2019-05-04 15:42:00,130 [4] INFO  Graduation.Controllers.IndexController [(null)] - zzz || Get into 首页
2019-05-04 15:43:42,203 [8] INFO  Graduation.Controllers.LoginController [(null)] -  || Get into 登陆页面
2019-05-04 15:43:44,540 [9] INFO  Graduation.Controllers.LoginController [(null)] -  || Get into 登陆验证
2019-05-04 15:43:45,294 [4] INFO  Graduation.Controllers.LoginController [(null)] - <log4net.Error>Exception during StringFormat: Input string was not in a correct format. <format>登陆验证成功{
  "userId": 197,
  "trueName": "",
  "phone": 0,
  "password": "211",
  "name": "zzz",
  "sex": "男"
}</format><args>{}</args></log4net.Error>
2019-05-04 15:43:45,373 [4] INFO  Graduation.Controllers.IndexController [(null)] - zzz || Get into 首页
2019-05-04 15:46:41,592 [8] INFO  Graduation.Controllers.LoginController [(null)] -  || Get into 登陆页面
2019-05-04 15:46:43,954 [10] INFO  Graduation.Controllers.LoginController [(null)] -  || Get into 登陆验证
2019-05-04 15:46:44,676 [4] INFO  Graduation.Controllers.LoginController [(null)] - <log4net.Error>Exception during StringFormat: Input string was not in a correct format. <format>登陆验证成功{
  "userId": 197,
  "trueName": "",
  "phone": 0,
  "password": "211",
  "name": "zzz",
  "sex": "男"
}</format><args>{}</args></log4net.Error>
2019-05-04 15:46:44,769 [4] INFO  Graduation.Controllers.IndexController [(null)] - zzz || Get into 首页
2019-05-04 15:52:51,509 [8] INFO  Graduation.Controllers.LoginController [(null)] -  || Get into 登陆页面
2019-05-04 15:52:53,964 [8] INFO  Graduation.Controllers.LoginController [(null)] -  || Get into 登陆验证
2019-05-04 15:52:54,791 [4] INFO  Graduation.Controllers.LoginController [(null)] - <log4net.Error>Exception during StringFormat: Input string was not in a correct format. <format>登陆验证成功{
  "userId": 197,
  "trueName": "",
  "phone": 0,
  "password": "211",
  "name": "zzz",
  "sex": "男"
}</format><args>{}</args></log4net.Error>
2019-05-04 15:52:54,883 [4] INFO  Graduation.Controllers.IndexController [(null)] - zzz || Get into 首页
2019-05-04 15:53:03,339 [7] ERROR Graduation.Controllers.IndexController [(null)] - 首页跳转失败,错误提示: MySql.Data.MySqlClient.MySqlException (0x80004005): Unknown column 'b.details' in 'field list' ---> MySql.Data.MySqlClient.MySqlException (0x80004005): Unknown column 'b.details' in 'field list'
   at MySqlConnector.Core.ServerSession.TryAsyncContinuation(Task`1 task) in C:\projects\mysqlconnector\src\MySqlConnector\Core\ServerSession.cs:line 1248
   at System.Threading.Tasks.ContinuationResultTaskFromResultTask`2.InnerInvoke()
   at System.Threading.ExecutionContext.RunInternal(ExecutionContext executionContext, ContextCallback callback, Object state)
--- End of stack trace from previous location where exception was thrown ---
   at System.Threading.Tasks.Task.ExecuteWithThreadLocal(Task& currentTaskSlot)
--- End of stack trace from previous location where exception was thrown ---
   at MySqlConnector.Core.ResultSet.ReadResultSetHeaderAsync(IOBehavior ioBehavior) in C:\projects\mysqlconnector\src\MySqlConnector\Core\ResultSet.cs:line 42
   at Graduation.Managers.IndexManager.GetGoodsAsync(Int32 code) in G:\.net core\Graduation\GraduationEx\Graduation\Managers\IndexManager.cs:line 68
   at Graduation.Controllers.IndexController.Goodlist(Int32 code) in G:\.net core\Graduation\GraduationEx\Graduation\Controllers\IndexController.cs:line 43
2019-05-04 15:55:14,961 [8] INFO  Graduation.Controllers.LoginController [(null)] -  || Get into 登陆页面
2019-05-04 15:55:17,310 [9] INFO  Graduation.Controllers.LoginController [(null)] -  || Get into 登陆验证
2019-05-04 15:55:18,011 [4] INFO  Graduation.Controllers.LoginController [(null)] - <log4net.Error>Exception during StringFormat: Input string was not in a correct format. <format>登陆验证成功{
  "userId": 197,
  "trueName": "",
  "phone": 0,
  "password": "211",
  "name": "zzz",
  "sex": "男"
}</format><args>{}</args></log4net.Error>
2019-05-04 15:55:18,093 [4] INFO  Graduation.Controllers.IndexController [(null)] - zzz || Get into 首页
2019-05-04 15:56:06,706 [8] INFO  Graduation.Controllers.LoginController [(null)] -  || Get into 登陆页面
2019-05-04 15:56:09,059 [8] INFO  Graduation.Controllers.LoginController [(null)] -  || Get into 登陆验证
2019-05-04 15:56:09,791 [4] INFO  Graduation.Controllers.LoginController [(null)] - <log4net.Error>Exception during StringFormat: Input string was not in a correct format. <format>登陆验证成功{
  "userId": 197,
  "trueName": "",
  "phone": 0,
  "password": "211",
  "name": "zzz",
  "sex": "男"
}</format><args>{}</args></log4net.Error>
2019-05-04 15:56:09,883 [4] INFO  Graduation.Controllers.IndexController [(null)] - zzz || Get into 首页
2019-05-04 15:56:38,158 [8] INFO  Graduation.Controllers.LoginController [(null)] -  || Get into 登陆页面
2019-05-04 15:56:40,141 [8] INFO  Graduation.Controllers.LoginController [(null)] -  || Get into 登陆验证
2019-05-04 15:56:40,860 [4] INFO  Graduation.Controllers.LoginController [(null)] - <log4net.Error>Exception during StringFormat: Input string was not in a correct format. <format>登陆验证成功{
  "userId": 197,
  "trueName": "",
  "phone": 0,
  "password": "211",
  "name": "zzz",
  "sex": "男"
}</format><args>{}</args></log4net.Error>
2019-05-04 15:56:40,957 [4] INFO  Graduation.Controllers.IndexController [(null)] - zzz || Get into 首页
2019-05-04 15:57:29,526 [8] INFO  Graduation.Controllers.LoginController [(null)] -  || Get into 登陆页面
2019-05-04 15:57:32,175 [7] INFO  Graduation.Controllers.LoginController [(null)] -  || Get into 登陆验证
2019-05-04 15:57:32,900 [4] INFO  Graduation.Controllers.LoginController [(null)] - <log4net.Error>Exception during StringFormat: Input string was not in a correct format. <format>登陆验证成功{
  "userId": 197,
  "trueName": "",
  "phone": 0,
  "password": "211",
  "name": "zzz",
  "sex": "男"
}</format><args>{}</args></log4net.Error>
2019-05-04 15:57:32,984 [4] INFO  Graduation.Controllers.IndexController [(null)] - zzz || Get into 首页
2019-05-04 15:58:33,647 [9] INFO  Graduation.Controllers.LoginController [(null)] -  || Get into 登陆页面
2019-05-04 15:58:35,715 [7] INFO  Graduation.Controllers.LoginController [(null)] -  || Get into 登陆验证
2019-05-04 15:58:36,446 [3] INFO  Graduation.Controllers.LoginController [(null)] - <log4net.Error>Exception during StringFormat: Input string was not in a correct format. <format>登陆验证成功{
  "userId": 197,
  "trueName": "",
  "phone": 0,
  "password": "211",
  "name": "zzz",
  "sex": "男"
}</format><args>{}</args></log4net.Error>
2019-05-04 15:58:36,533 [3] INFO  Graduation.Controllers.IndexController [(null)] - zzz || Get into 首页
2019-05-04 16:00:57,259 [10] INFO  Graduation.Controllers.LoginController [(null)] -  || Get into 登陆页面
2019-05-04 16:00:59,334 [7] INFO  Graduation.Controllers.LoginController [(null)] -  || Get into 登陆验证
2019-05-04 16:01:00,190 [3] INFO  Graduation.Controllers.LoginController [(null)] - <log4net.Error>Exception during StringFormat: Input string was not in a correct format. <format>登陆验证成功{
  "userId": 197,
  "trueName": "",
  "phone": 0,
  "password": "211",
  "name": "zzz",
  "sex": "男"
}</format><args>{}</args></log4net.Error>
2019-05-04 16:01:00,273 [3] INFO  Graduation.Controllers.IndexController [(null)] - zzz || Get into 首页
2019-05-04 16:01:10,106 [8] ERROR Graduation.Controllers.IndexController [(null)] - 首页跳转失败,错误提示: MySql.Data.MySqlClient.MySqlException (0x80004005): Unknown column 'b.details' in 'field list' ---> MySql.Data.MySqlClient.MySqlException (0x80004005): Unknown column 'b.details' in 'field list'
   at MySqlConnector.Core.ServerSession.TryAsyncContinuation(Task`1 task) in C:\projects\mysqlconnector\src\MySqlConnector\Core\ServerSession.cs:line 1248
   at System.Threading.Tasks.ContinuationResultTaskFromResultTask`2.InnerInvoke()
   at System.Threading.ExecutionContext.RunInternal(ExecutionContext executionContext, ContextCallback callback, Object state)
--- End of stack trace from previous location where exception was thrown ---
   at System.Threading.Tasks.Task.ExecuteWithThreadLocal(Task& currentTaskSlot)
--- End of stack trace from previous location where exception was thrown ---
   at MySqlConnector.Core.ResultSet.ReadResultSetHeaderAsync(IOBehavior ioBehavior) in C:\projects\mysqlconnector\src\MySqlConnector\Core\ResultSet.cs:line 42
   at Graduation.Managers.IndexManager.GetGoodsAsync(Int32 code) in G:\.net core\Graduation\GraduationEx\Graduation\Managers\IndexManager.cs:line 68
   at Graduation.Controllers.IndexController.Goodlist(Int32 code) in G:\.net core\Graduation\GraduationEx\Graduation\Controllers\IndexController.cs:line 43
2019-05-04 16:02:04,571 [9] INFO  Graduation.Controllers.LoginController [(null)] -  || Get into 登陆页面
2019-05-04 16:02:06,674 [7] INFO  Graduation.Controllers.LoginController [(null)] -  || Get into 登陆验证
2019-05-04 16:02:07,387 [4] INFO  Graduation.Controllers.LoginController [(null)] - <log4net.Error>Exception during StringFormat: Input string was not in a correct format. <format>登陆验证成功{
  "userId": 197,
  "trueName": "",
  "phone": 0,
  "password": "211",
  "name": "zzz",
  "sex": "男"
}</format><args>{}</args></log4net.Error>
2019-05-04 16:02:07,474 [4] INFO  Graduation.Controllers.IndexController [(null)] - zzz || Get into 首页
2019-05-04 16:04:56,861 [8] INFO  Graduation.Controllers.LoginController [(null)] -  || Get into 登陆页面
2019-05-04 16:05:10,601 [9] INFO  Graduation.Controllers.LoginController [(null)] -  || Get into 登陆验证
2019-05-04 16:05:11,303 [13] INFO  Graduation.Controllers.LoginController [(null)] - <log4net.Error>Exception during StringFormat: Input string was not in a correct format. <format>登陆验证成功{
  "userId": 197,
  "trueName": "",
  "phone": 0,
  "password": "211",
  "name": "zzz",
  "sex": "男"
}</format><args>{}</args></log4net.Error>
2019-05-04 16:05:11,388 [13] INFO  Graduation.Controllers.IndexController [(null)] - zzz || Get into 首页
2019-05-04 16:07:19,301 [9] INFO  Graduation.Controllers.LoginController [(null)] -  || Get into 登陆页面
2019-05-04 16:07:21,390 [7] INFO  Graduation.Controllers.LoginController [(null)] -  || Get into 登陆验证
2019-05-04 16:07:22,115 [3] INFO  Graduation.Controllers.LoginController [(null)] - <log4net.Error>Exception during StringFormat: Input string was not in a correct format. <format>登陆验证成功{
  "userId": 197,
  "trueName": "",
  "phone": 0,
  "password": "211",
  "name": "zzz",
  "sex": "男"
}</format><args>{}</args></log4net.Error>
2019-05-04 16:07:22,203 [3] INFO  Graduation.Controllers.IndexController [(null)] - zzz || Get into 首页
2019-05-04 16:10:18,838 [7] INFO  Graduation.Controllers.LoginController [(null)] -  || Get into 登陆页面
2019-05-04 16:10:22,843 [9] INFO  Graduation.Controllers.LoginController [(null)] -  || Get into 登陆验证
2019-05-04 16:10:23,561 [4] INFO  Graduation.Controllers.LoginController [(null)] - <log4net.Error>Exception during StringFormat: Input string was not in a correct format. <format>登陆验证成功{
  "userId": 197,
  "trueName": "",
  "phone": 0,
  "password": "211",
  "name": "zzz",
  "sex": "男"
}</format><args>{}</args></log4net.Error>
2019-05-04 16:10:23,651 [4] INFO  Graduation.Controllers.IndexController [(null)] - zzz || Get into 首页
2019-05-04 16:13:06,007 [8] INFO  Graduation.Controllers.LoginController [(null)] -  || Get into 登陆页面
2019-05-04 16:13:08,643 [8] INFO  Graduation.Controllers.LoginController [(null)] -  || Get into 登陆验证
2019-05-04 16:13:09,360 [4] INFO  Graduation.Controllers.LoginController [(null)] - <log4net.Error>Exception during StringFormat: Input string was not in a correct format. <format>登陆验证成功{
  "userId": 197,
  "trueName": "",
  "phone": 0,
  "password": "211",
  "name": "zzz",
  "sex": "男"
}</format><args>{}</args></log4net.Error>
2019-05-04 16:13:09,459 [4] INFO  Graduation.Controllers.IndexController [(null)] - zzz || Get into 首页
2019-05-04 16:15:14,890 [8] INFO  Graduation.Controllers.LoginController [(null)] -  || Get into 登陆页面
2019-05-04 16:15:17,067 [10] INFO  Graduation.Controllers.LoginController [(null)] -  || Get into 登陆验证
2019-05-04 16:15:17,938 [3] INFO  Graduation.Controllers.LoginController [(null)] - <log4net.Error>Exception during StringFormat: Input string was not in a correct format. <format>登陆验证成功{
  "userId": 197,
  "trueName": "",
  "phone": 0,
  "password": "211",
  "name": "zzz",
  "sex": "男"
}</format><args>{}</args></log4net.Error>
2019-05-04 16:15:18,029 [8] INFO  Graduation.Controllers.IndexController [(null)] - zzz || Get into 首页
2019-05-04 16:20:37,203 [8] INFO  Graduation.Controllers.LoginController [(null)] -  || Get into 登陆页面
2019-05-04 16:20:39,461 [8] INFO  Graduation.Controllers.LoginController [(null)] -  || Get into 登陆验证
2019-05-04 16:20:40,180 [4] INFO  Graduation.Controllers.LoginController [(null)] - <log4net.Error>Exception during StringFormat: Input string was not in a correct format. <format>登陆验证成功{
  "userId": 197,
  "trueName": "",
  "phone": 0,
  "password": "211",
  "name": "zzz",
  "sex": "男"
}</format><args>{}</args></log4net.Error>
2019-05-04 16:20:40,263 [4] INFO  Graduation.Controllers.IndexController [(null)] - zzz || Get into 首页
2019-05-04 16:22:31,104 [8] INFO  Graduation.Controllers.LoginController [(null)] -  || Get into 登陆页面
2019-05-04 16:22:33,105 [7] INFO  Graduation.Controllers.LoginController [(null)] -  || Get into 登陆验证
2019-05-04 16:22:33,916 [4] INFO  Graduation.Controllers.LoginController [(null)] - <log4net.Error>Exception during StringFormat: Input string was not in a correct format. <format>登陆验证成功{
  "userId": 197,
  "trueName": "",
  "phone": 0,
  "password": "211",
  "name": "zzz",
  "sex": "男"
}</format><args>{}</args></log4net.Error>
2019-05-04 16:22:34,004 [4] INFO  Graduation.Controllers.IndexController [(null)] - zzz || Get into 首页
2019-05-04 16:24:10,155 [7] INFO  Graduation.Controllers.LoginController [(null)] -  || Get into 登陆页面
2019-05-04 16:24:12,539 [8] INFO  Graduation.Controllers.LoginController [(null)] -  || Get into 登陆验证
2019-05-04 16:24:13,271 [3] INFO  Graduation.Controllers.LoginController [(null)] - <log4net.Error>Exception during StringFormat: Input string was not in a correct format. <format>登陆验证成功{
  "userId": 197,
  "trueName": "",
  "phone": 0,
  "password": "211",
  "name": "zzz",
  "sex": "男"
}</format><args>{}</args></log4net.Error>
2019-05-04 16:24:13,366 [3] INFO  Graduation.Controllers.IndexController [(null)] - zzz || Get into 首页
2019-05-04 16:25:03,452 [7] INFO  Graduation.Controllers.LoginController [(null)] -  || Get into 登陆页面
2019-05-04 16:25:05,713 [10] INFO  Graduation.Controllers.LoginController [(null)] -  || Get into 登陆验证
2019-05-04 16:25:06,546 [4] INFO  Graduation.Controllers.LoginController [(null)] - <log4net.Error>Exception during StringFormat: Input string was not in a correct format. <format>登陆验证成功{
  "userId": 197,
  "trueName": "",
  "phone": 0,
  "password": "211",
  "name": "zzz",
  "sex": "男"
}</format><args>{}</args></log4net.Error>
2019-05-04 16:25:06,627 [4] INFO  Graduation.Controllers.IndexController [(null)] - zzz || Get into 首页
2019-05-04 16:25:09,530 [8] INFO  Graduation.Controllers.IndexController [(null)] - <log4net.Error>Exception during StringFormat: Input string was not in a correct format. <format>获取商品列表成功[
  {
    "goodId": 1,
    "name": "无敌大菠萝",
    "price": 233.00,
    "stock": 33,
    "sold": 3,
    "type": "零食水果",
    "facount": 0,
    "createtime": "2019-05-04 14:45:49"
  },
  {
    "goodId": 2,
    "name": "无敌大电脑",
    "price": 3333.00,
    "stock": 232,
    "sold": 222,
    "type": "数码产品",
    "facount": 0,
    "createtime": "2019-05-01 14:46:41"
  },
  {
    "goodId": 3,
    "name": "无敌大拖孩",
    "price": 1223.00,
    "stock": 22,
    "sold": 12,
    "type": "生活用品",
    "facount": 0,
    "createtime": "2019-04-11 14:47:29"
  },
  {
    "goodId": 4,
    "name": "无敌大口红",
    "price": 56887.00,
    "stock": 900,
    "sold": 123,
    "type": "美容美妆",
    "facount": 0,
    "createtime": "2019-05-05 14:48:28"
  }
]</format><args>{}</args></log4net.Error>
2019-05-04 16:25:09,550 [8] INFO  Graduation.Controllers.IndexController [(null)] - 获取类型列表成功[
  "男女服装",
  "数码产品",
  "生活用品",
  "鞋包配饰",
  "家居环境",
  "零食水果",
  "美容美妆",
  "其他商品"
]
2019-05-04 16:38:05,656 [8] INFO  Graduation.Controllers.LoginController [(null)] -  || Get into 登陆页面
2019-05-04 16:38:07,763 [8] INFO  Graduation.Controllers.LoginController [(null)] -  || Get into 登陆验证
2019-05-04 16:38:08,493 [4] INFO  Graduation.Controllers.LoginController [(null)] - <log4net.Error>Exception during StringFormat: Input string was not in a correct format. <format>登陆验证成功{
  "userId": 197,
  "trueName": "",
  "phone": 0,
  "password": "211",
  "name": "zzz",
  "sex": "男"
}</format><args>{}</args></log4net.Error>
2019-05-04 16:38:08,591 [4] INFO  Graduation.Controllers.IndexController [(null)] - zzz || Get into 首页
2019-05-04 16:38:08,717 [4] INFO  Graduation.Controllers.IndexController [(null)] - <log4net.Error>Exception during StringFormat: Input string was not in a correct format. <format>获取商品列表成功[
  {
    "goodId": 1,
    "name": "无敌大菠萝",
    "price": 233.00,
    "stock": 33,
    "sold": 3,
    "type": "零食水果",
    "facount": 0,
    "createtime": "2019-05-04 14:45:49"
  },
  {
    "goodId": 2,
    "name": "无敌大电脑",
    "price": 3333.00,
    "stock": 232,
    "sold": 222,
    "type": "数码产品",
    "facount": 0,
    "createtime": "2019-05-01 14:46:41"
  },
  {
    "goodId": 3,
    "name": "无敌大拖孩",
    "price": 1223.00,
    "stock": 22,
    "sold": 12,
    "type": "生活用品",
    "facount": 0,
    "createtime": "2019-04-11 14:47:29"
  },
  {
    "goodId": 4,
    "name": "无敌大口红",
    "price": 56887.00,
    "stock": 900,
    "sold": 123,
    "type": "美容美妆",
    "facount": 0,
    "createtime": "2019-05-05 14:48:28"
  }
]</format><args>{}</args></log4net.Error>
2019-05-04 16:38:08,742 [4] INFO  Graduation.Controllers.IndexController [(null)] - 获取类型列表成功[
  "男女服装",
  "数码产品",
  "生活用品",
  "鞋包配饰",
  "家居环境",
  "零食水果",
  "美容美妆",
  "其他商品"
]
2019-05-04 21:06:16,408 [7] INFO  Graduation.Controllers.LoginController [(null)] -  || Get into 登陆页面
2019-05-04 21:06:24,134 [8] INFO  Graduation.Controllers.LoginController [(null)] -  || Get into 登陆验证
2019-05-04 21:06:26,290 [4] INFO  Graduation.Controllers.LoginController [(null)] - <log4net.Error>Exception during StringFormat: Input string was not in a correct format. <format>登陆验证成功{
  "userId": 197,
  "phone": 0,
  "password": "211",
  "name": "zjc"
}</format><args>{}</args></log4net.Error>
2019-05-04 21:06:26,418 [4] INFO  Graduation.Controllers.IndexController [(null)] - zjc || Get into 首页
2019-05-04 21:06:26,575 [9] INFO  Graduation.Controllers.IndexController [(null)] - 获取商品列表成功[]
2019-05-04 21:06:26,578 [9] INFO  Graduation.Controllers.IndexController [(null)] - 获取类型列表成功[]
2019-05-04 21:16:46,996 [7] INFO  Graduation.Controllers.LoginController [(null)] -  || Get into 登陆页面
2019-05-04 21:16:49,695 [7] INFO  Graduation.Controllers.LoginController [(null)] -  || Get into 登陆验证
2019-05-04 21:16:51,582 [4] INFO  Graduation.Controllers.LoginController [(null)] - <log4net.Error>Exception during StringFormat: Input string was not in a correct format. <format>登陆验证成功{
  "userId": 197,
  "phone": 0,
  "password": "211",
  "name": "zjc"
}</format><args>{}</args></log4net.Error>
2019-05-04 21:16:51,706 [7] INFO  Graduation.Controllers.IndexController [(null)] - zjc || Get into 首页
2019-05-04 21:16:52,025 [9] INFO  Graduation.Controllers.IndexController [(null)] - <log4net.Error>Exception during StringFormat: Input string was not in a correct format. <format>获取商品列表成功[
  {
    "goodId": 1,
    "name": "无敌大裙子",
    "price": 2333.00,
    "stock": 211,
    "sold": 33,
    "type": "男女服装",
    "facount": 0,
    "createtime": "2019-05-01 21:13:53"
  },
  {
    "goodId": 2,
    "name": "无敌大菠萝",
    "price": 60000.00,
    "stock": 3123,
    "sold": 444,
    "type": "零食水果",
    "facount": 0,
    "createtime": "2019-04-25 21:15:15"
  },
  {
    "goodId": 3,
    "name": "无敌大电脑",
    "price": 7947.00,
    "stock": 233,
    "sold": 33,
    "type": "数码产品",
    "facount": 0,
    "createtime": "2019-05-02 21:15:48"
  },
  {
    "goodId": 4,
    "name": "无敌大空调",
    "price": 66767.00,
    "stock": 555,
    "sold": 34,
    "type": "家居环境",
    "facount": 0,
    "createtime": "2019-05-04 21:16:18"
  }
]</format><args>{}</args></log4net.Error>
2019-05-04 21:16:52,113 [9] INFO  Graduation.Controllers.IndexController [(null)] - 获取类型列表成功[
  "男女服装",
  "鞋包配饰",
  "数码产品",
  "家居环境",
  "生活用品",
  "零食水果",
  "美容美妆",
  "其他商品"
]
